Starting logging SublimeCodeIntel v2.2.0 rev GIT-unknown (1517197570) on Wed Mar 28 19:48:33 2018
=================================================================================================
Updating indexes for 'JavaScript'... The first time this can take a while.
Doing CodeIntel for 'JavaScript' (hold on)...
Done 'JavaScript' CodeIntel! Full CodeIntel took ~2s
+ Info: processing `HTML': please wait...
Updating indexes for 'HTML'... The first time this can take a while.
scan_purelang: path: 'D:\\eqdis\\GitHub\\reservation-web\\src\\components\\system\\buserlist.vue' lang: HTML
Doing CodeIntel for 'HTML' (hold on)...
Done 'HTML' CodeIntel! Full CodeIntel took 201ms
Updating indexes for 'HTML'... The first time this can take a while.
scan_purelang: path: 'D:\\eqdis\\GitHub\\reservation-web\\src\\components\\system\\buserlist.vue' lang: HTML
Doing CodeIntel for 'HTML' (hold on)...
Done 'HTML' CodeIntel! Full CodeIntel took 38ms
Updating indexes for 'HTML'... The first time this can take a while.
scan_purelang: path: 'D:\\eqdis\\GitHub\\reservation-web\\src\\components\\system\\buserlist.vue' lang: HTML
Doing CodeIntel for 'HTML' (hold on)...
Done 'HTML' CodeIntel! Full CodeIntel took 31ms
Updating indexes for 'HTML'... The first time this can take a while.
scan_purelang: path: 'D:\\eqdis\\GitHub\\reservation-web\\src\\components\\system\\buserlist.vue' lang: HTML
Updating indexes for 'HTML'... The first time this can take a while.
scan_purelang: path: 'D:\\eqdis\\GitHub\\reservation-web\\src\\components\\system\\buserlist.vue' lang: HTML
Doing CodeIntel for 'HTML' (hold on)...
Done 'HTML' CodeIntel! Full CodeIntel took 47ms
Updating indexes for 'HTML'... The first time this can take a while.
scan_purelang: path: 'D:\\eqdis\\GitHub\\reservation-web\\src\\components\\system\\buserlist.vue' lang: HTML
Doing CodeIntel for 'HTML' (hold on)...
Done 'HTML' CodeIntel! Full CodeIntel took 23ms
Doing CodeIntel for 'HTML' (hold on)...
Done 'HTML' CodeIntel! Full CodeIntel took 16ms
Doing CodeIntel for 'HTML' (hold on)...
Done 'HTML' CodeIntel! Full CodeIntel took 0ms
Doing CodeIntel for 'HTML' (hold on)...
Done 'HTML' CodeIntel! Full CodeIntel took 16ms
Doing CodeIntel for 'HTML' (hold on)...
Done 'HTML' CodeIntel! Full CodeIntel took 16ms
Doing CodeIntel for 'HTML' (hold on)...
Done 'HTML' CodeIntel! Full CodeIntel took 16ms
Doing CodeIntel for 'HTML' (hold on)...
Done 'HTML' CodeIntel! Full CodeIntel took 16ms
Doing CodeIntel for 'HTML' (hold on)...
Done 'HTML' CodeIntel! Full CodeIntel took 22ms
Updating indexes for 'HTML'... The first time this can take a while.
scan_purelang: path: 'D:\\eqdis\\GitHub\\reservation-web\\src\\components\\system\\buserlist.vue' lang: HTML
Doing CodeIntel for 'HTML' (hold on)...
Done 'HTML' CodeIntel! Full CodeIntel took 36ms
Doing CodeIntel for 'HTML' (hold on)...
Done 'HTML' CodeIntel! Full CodeIntel took 16ms
Doing CodeIntel for 'HTML' (hold on)...
Done 'HTML' CodeIntel! Full CodeIntel took 16ms
Doing CodeIntel for 'HTML' (hold on)...
Done 'HTML' CodeIntel! Full CodeIntel took 16ms
Doing CodeIntel for 'HTML' (hold on)...
Done 'HTML' CodeIntel! Full CodeIntel took 22ms
Doing CodeIntel for 'HTML' (hold on)...
Done 'HTML' CodeIntel! Full CodeIntel took 16ms
Doing CodeIntel for 'HTML' (hold on)...
Done 'HTML' CodeIntel! Full CodeIntel took 16ms
Updating indexes for 'HTML'... The first time this can take a while.
scan_purelang: path: 'D:\\eqdis\\GitHub\\reservation-web\\src\\components\\system\\buserlist.vue' lang: HTML
Updating indexes for 'HTML'... The first time this can take a while.
scan_purelang: path: 'D:\\eqdis\\GitHub\\reservation-web\\src\\components\\system\\buserlist.vue' lang: HTML
Doing CodeIntel for 'HTML' (hold on)...
Done 'HTML' CodeIntel! Full CodeIntel took 53ms
Doing CodeIntel for 'HTML' (hold on)...
Done 'HTML' CodeIntel! Full CodeIntel took 31ms
Doing CodeIntel for 'HTML' (hold on)...
Done 'HTML' CodeIntel! Full CodeIntel took 16ms
Updating indexes for 'HTML'... The first time this can take a while.
scan_purelang: path: 'D:\\eqdis\\GitHub\\reservation-web\\src\\components\\system\\buserlist.vue' lang: HTML
Doing CodeIntel for 'HTML' (hold on)...
Done 'HTML' CodeIntel! Full CodeIntel took 85ms
Updating indexes for 'HTML'... The first time this can take a while.
scan_purelang: path: 'D:\\eqdis\\GitHub\\reservation-web\\src\\components\\system\\buserlist.vue' lang: HTML
Doing CodeIntel for 'HTML' (hold on)...
Done 'HTML' CodeIntel! Full CodeIntel took 63ms
Updating indexes for 'HTML'... The first time this can take a while.
scan_purelang: path: 'D:\\eqdis\\GitHub\\reservation-web\\src\\components\\system\\buserlist.vue' lang: HTML
Doing CodeIntel for 'HTML' (hold on)...
Done 'HTML' CodeIntel! Full CodeIntel took 48ms
+ Info: processing `HTML': please wait...
Updating indexes for 'HTML'... The first time this can take a while.
scan_purelang: path: 'D:\\eqdis\\GitHub\\reservation-web\\src\\components\\system\\buserlist.vue' lang: HTML
Doing CodeIntel for 'HTML' (hold on)...
Done 'HTML' CodeIntel! Full CodeIntel took 85ms
Updating indexes for 'HTML'... The first time this can take a while.
scan_purelang: path: 'D:\\eqdis\\GitHub\\reservation-web\\src\\components\\system\\buserlist.vue' lang: HTML
Doing CodeIntel for 'HTML' (hold on)...
Done 'HTML' CodeIntel! Full CodeIntel took 53ms
Doing CodeIntel for 'HTML' (hold on)...
Done 'HTML' CodeIntel! Full CodeIntel took 27ms
Doing CodeIntel for 'HTML' (hold on)...
Done 'HTML' CodeIntel! Full CodeIntel took 26ms
Doing CodeIntel for 'HTML' (hold on)...
Done 'HTML' CodeIntel! Full CodeIntel took 25ms
Doing CodeIntel for 'HTML' (hold on)...
Done 'HTML' CodeIntel! Full CodeIntel took 28ms
+ Info: processing `JavaScript': please wait...
Updating indexes for 'JavaScript'... The first time this can take a while.
Doing CodeIntel for 'JavaScript' (hold on)...
Done 'JavaScript' CodeIntel! Full CodeIntel took 62ms
Doing CodeIntel for 'JavaScript' (hold on)...
Done 'JavaScript' CodeIntel! Full CodeIntel took 22ms
Doing CodeIntel for 'JavaScript' (hold on)...
Done 'JavaScript' CodeIntel! Full CodeIntel took 0ms
Updating indexes for 'JavaScript'... The first time this can take a while.
Updating indexes for 'JavaScript'... The first time this can take a while.
Doing CodeIntel for 'JavaScript' (hold on)...
Done 'JavaScript' CodeIntel! Full CodeIntel took 46ms
Doing CodeIntel for 'JavaScript' (hold on)...
Done 'JavaScript' CodeIntel! Full CodeIntel took 9ms
Doing CodeIntel for 'JavaScript' (hold on)...
Done 'JavaScript' CodeIntel! Full CodeIntel took 7ms
Updating indexes for 'JavaScript'... The first time this can take a while.
Updating indexes for 'JavaScript'... The first time this can take a while.
+ Info: processing `HTML': please wait...
Updating indexes for 'HTML'... The first time this can take a while.
scan_purelang: path: 'D:\\eqdis\\GitHub\\reservation-web\\src\\components\\system\\buserlist.vue' lang: HTML
Doing CodeIntel for 'HTML' (hold on)...
Done 'HTML' CodeIntel! Full CodeIntel took 56ms
Doing CodeIntel for 'HTML' (hold on)...
done eval: success
Done 'HTML' CodeIntel! Full CodeIntel took 22ms
Autocomplete called (HTML) [cplns]
Doing CodeIntel for 'HTML' (hold on)...
Done 'HTML' CodeIntel! Full CodeIntel took 16ms
Doing CodeIntel for 'HTML' (hold on)...
Done 'HTML' CodeIntel! Full CodeIntel took 16ms
Doing CodeIntel for 'HTML' (hold on)...
Done 'HTML' CodeIntel! Full CodeIntel took 33ms
Doing CodeIntel for 'HTML' (hold on)...
Done 'HTML' CodeIntel! Full CodeIntel took 16ms
Doing CodeIntel for 'HTML' (hold on)...
Done 'HTML' CodeIntel! Full CodeIntel took 16ms
Updating indexes for 'HTML'... The first time this can take a while.
scan_purelang: path: 'D:\\eqdis\\GitHub\\reservation-web\\src\\components\\system\\buserlist.vue' lang: HTML
Doing CodeIntel for 'HTML' (hold on)...
Done 'HTML' CodeIntel! Full CodeIntel took 31ms
Doing CodeIntel for 'HTML' (hold on)...
Done 'HTML' CodeIntel! Full CodeIntel took 0ms
Doing CodeIntel for 'HTML' (hold on)...
Done 'HTML' CodeIntel! Full CodeIntel took 32ms
Updating indexes for 'HTML'... The first time this can take a while.
scan_purelang: path: 'D:\\eqdis\\GitHub\\reservation-web\\src\\components\\system\\buserlist.vue' lang: HTML
Doing CodeIntel for 'HTML' (hold on)...
Done 'HTML' CodeIntel! Full CodeIntel took 38ms
Updating indexes for 'HTML'... The first time this can take a while.
scan_purelang: path: 'D:\\eqdis\\GitHub\\reservation-web\\src\\components\\system\\buserlist.vue' lang: HTML
Doing CodeIntel for 'HTML' (hold on)...
Done 'HTML' CodeIntel! Full CodeIntel took 47ms
Updating indexes for 'HTML'... The first time this can take a while.
scan_purelang: path: 'D:\\eqdis\\GitHub\\reservation-web\\src\\components\\system\\buserlist.vue' lang: HTML
Doing CodeIntel for 'HTML' (hold on)...
Done 'HTML' CodeIntel! Full CodeIntel took 48ms
Updating indexes for 'HTML'... The first time this can take a while.
scan_purelang: path: 'D:\\eqdis\\GitHub\\reservation-web\\src\\components\\system\\buserlist.vue' lang: HTML
Doing CodeIntel for 'HTML' (hold on)...
Done 'HTML' CodeIntel! Full CodeIntel took 41ms
Updating indexes for 'HTML'... The first time this can take a while.
scan_purelang: path: 'D:\\eqdis\\GitHub\\reservation-web\\src\\components\\system\\buserlist.vue' lang: HTML
Updating indexes for 'JavaScript'... The first time this can take a while.
Updating indexes for 'JavaScript'... The first time this can take a while.
Doing CodeIntel for 'JavaScript' (hold on)...
eval '£¬£¬£¬' at buserlist.vue#136  <Trigger 'javascript-complete-names' at 5001>
start scope is (<Element 'scope' at 0x000002234D44FF28>, [])
_completion_names_from_scope:: '£¬£¬£¬', scoperef: (<Element 'scope' at 0x000002234D44FF28>, [])
_completion_names_from_scope:: checking scoperef: (<Element 'scope' at 0x000002234D44FF28>, [])
_completion_names_from_scope:: checking scoperef: (<Element 'scope' at 0x000002234D5A9AC8>, [])
_completion_names_from_scope:: checking scoperef: (<Element 'scope' at 0x000002234D5A9AC8>, ['Window'])
_completion_names_from_scope:: include everything from lib: <JavaScript curdirlib>
_completion_names_from_scope:: include everything from lib: <JavaScript cataloglib: jQuery>
_completion_names_from_scope:: include everything from lib: <javascript stdlib>
    cplns: []
done eval: success
Done 'JavaScript' CodeIntel! Full CodeIntel took 689ms
Doing CodeIntel for 'JavaScript' (hold on)...
Done 'JavaScript' CodeIntel! Full CodeIntel took 16ms
Updating indexes for 'JavaScript'... The first time this can take a while.
Doing CodeIntel for 'JavaScript' (hold on)...
Done 'JavaScript' CodeIntel! Full CodeIntel took 47ms
+ Info: processing `JavaScript': please wait...
Updating indexes for 'JavaScript'... The first time this can take a while.
Doing CodeIntel for 'JavaScript' (hold on)...
Done 'JavaScript' CodeIntel! Full CodeIntel took 57ms
Doing CodeIntel for 'JavaScript' (hold on)...
Done 'JavaScript' CodeIntel! Full CodeIntel took 0ms
Doing CodeIntel for 'JavaScript' (hold on)...
Done 'JavaScript' CodeIntel! Full CodeIntel took 6ms
Doing CodeIntel for 'JavaScript' (hold on)...
Done 'JavaScript' CodeIntel! Full CodeIntel took 0ms
Doing CodeIntel for 'JavaScript' (hold on)...
eval 'for' at buserlist.vue#165  <Trigger 'javascript-complete-names' at 5685>
start scope is (<Element 'scope' at 0x000002234D525048>, ['methods'])
_completion_names_from_scope:: 'for', scoperef: (<Element 'scope' at 0x000002234D525048>, ['methods'])
_completion_names_from_scope:: checking scoperef: (<Element 'scope' at 0x000002234D525048>, ['methods'])
_completion_names_from_scope:: checking scoperef: (<Element 'scope' at 0x000002234D525048>, [])
_completion_names_from_scope:: checking scoperef: (<Element 'scope' at 0x000002234D5A9AC8>, [])
_completion_names_from_scope:: checking scoperef: (<Element 'scope' at 0x000002234D5A9AC8>, ['Window'])
_completion_names_from_scope:: include everything from lib: <JavaScript curdirlib>
_completion_names_from_scope:: include everything from lib: <JavaScript cataloglib: jQuery>
_completion_names_from_scope:: include everything from lib: <javascript stdlib>
    cplns: [('keyword', 'for'), ('variable', 'form'), ('function', 'forward')]
done eval: success
Done 'JavaScript' CodeIntel! Full CodeIntel took 0ms
Autocomplete called (JavaScript) [cplns]
Doing CodeIntel for 'JavaScript' (hold on)...
Done 'JavaScript' CodeIntel! Full CodeIntel took 0ms
Doing CodeIntel for 'JavaScript' (hold on)...
Done 'JavaScript' CodeIntel! Full CodeIntel took 0ms
Doing CodeIntel for 'JavaScript' (hold on)...
Done 'JavaScript' CodeIntel! Full CodeIntel took 16ms
Doing CodeIntel for 'JavaScript' (hold on)...
eval 'int' at buserlist.vue#165  <Trigger 'javascript-complete-names' at 5689>
start scope is (<Element 'scope' at 0x000002234D525048>, ['methods'])
_completion_names_from_scope:: 'int', scoperef: (<Element 'scope' at 0x000002234D525048>, ['methods'])
_completion_names_from_scope:: checking scoperef: (<Element 'scope' at 0x000002234D525048>, ['methods'])
_completion_names_from_scope:: checking scoperef: (<Element 'scope' at 0x000002234D525048>, [])
_completion_names_from_scope:: checking scoperef: (<Element 'scope' at 0x000002234D5A9AC8>, [])
_completion_names_from_scope:: checking scoperef: (<Element 'scope' at 0x000002234D5A9AC8>, ['Window'])
_completion_names_from_scope:: include everything from lib: <JavaScript curdirlib>
_completion_names_from_scope:: include everything from lib: <JavaScript cataloglib: jQuery>
_completion_names_from_scope:: include everything from lib: <javascript stdlib>
    cplns: [('keyword', 'int'), ('keyword', 'interface')]
done eval: success
Done 'JavaScript' CodeIntel! Full CodeIntel took 16ms
Autocomplete called (JavaScript) [cplns]
Doing CodeIntel for 'JavaScript' (hold on)...
Done 'JavaScript' CodeIntel! Full CodeIntel took 0ms
Doing CodeIntel for 'JavaScript' (hold on)...
Done 'JavaScript' CodeIntel! Full CodeIntel took 0ms
Doing CodeIntel for 'JavaScript' (hold on)...
Done 'JavaScript' CodeIntel! Full CodeIntel took 16ms
Updating indexes for 'JavaScript'... The first time this can take a while.
Doing CodeIntel for 'JavaScript' (hold on)...
Done 'JavaScript' CodeIntel! Full CodeIntel took 50ms
Doing CodeIntel for 'JavaScript' (hold on)...
Done 'JavaScript' CodeIntel! Full CodeIntel took 16ms
Doing CodeIntel for 'JavaScript' (hold on)...
eval 'let' at buserlist.vue#165  <Trigger 'javascript-complete-names' at 5689>
start scope is (<Element 'scope' at 0x000002234D525048>, ['methods'])
_completion_names_from_scope:: 'let', scoperef: (<Element 'scope' at 0x000002234D525048>, ['methods'])
_completion_names_from_scope:: checking scoperef: (<Element 'scope' at 0x000002234D525048>, ['methods'])
_completion_names_from_scope:: checking scoperef: (<Element 'scope' at 0x000002234D525048>, [])
_completion_names_from_scope:: checking scoperef: (<Element 'scope' at 0x000002234D5A9AC8>, [])
_completion_names_from_scope:: checking scoperef: (<Element 'scope' at 0x000002234D5A9AC8>, ['Window'])
_completion_names_from_scope:: include everything from lib: <JavaScript curdirlib>
_completion_names_from_scope:: include everything from lib: <JavaScript cataloglib: jQuery>
_completion_names_from_scope:: include everything from lib: <javascript stdlib>
    cplns: [('keyword', 'let')]
done eval: success
Done 'JavaScript' CodeIntel! Full CodeIntel took 16ms
Autocomplete called (JavaScript) [cplns]
Doing CodeIntel for 'JavaScript' (hold on)...
Done 'JavaScript' CodeIntel! Full CodeIntel took 16ms
Doing CodeIntel for 'JavaScript' (hold on)...
Done 'JavaScript' CodeIntel! Full CodeIntel took 0ms
Doing CodeIntel for 'JavaScript' (hold on)...
Done 'JavaScript' CodeIntel! Full CodeIntel took 16ms
Doing CodeIntel for 'JavaScript' (hold on)...
Done 'JavaScript' CodeIntel! Full CodeIntel took 16ms
Doing CodeIntel for 'JavaScript' (hold on)...
Done 'JavaScript' CodeIntel! Full CodeIntel took 3ms
Doing CodeIntel for 'JavaScript' (hold on)...
Done 'JavaScript' CodeIntel! Full CodeIntel took 16ms
Updating indexes for 'JavaScript'... The first time this can take a while.
Doing CodeIntel for 'JavaScript' (hold on)...
Done 'JavaScript' CodeIntel! Full CodeIntel took 18ms
Doing CodeIntel for 'JavaScript' (hold on)...
Done 'JavaScript' CodeIntel! Full CodeIntel took 0ms
Doing CodeIntel for 'JavaScript' (hold on)...
Done 'JavaScript' CodeIntel! Full CodeIntel took 0ms
Doing CodeIntel for 'JavaScript' (hold on)...
eval 'itr' at buserlist.vue#165  <Trigger 'javascript-complete-names' at 5689>
start scope is (<Element 'scope' at 0x000002234D525048>, ['methods'])
_completion_names_from_scope:: 'itr', scoperef: (<Element 'scope' at 0x000002234D525048>, ['methods'])
_completion_names_from_scope:: checking scoperef: (<Element 'scope' at 0x000002234D525048>, ['methods'])
_completion_names_from_scope:: checking scoperef: (<Element 'scope' at 0x000002234D525048>, [])
_completion_names_from_scope:: checking scoperef: (<Element 'scope' at 0x000002234D5A9AC8>, [])
_completion_names_from_scope:: checking scoperef: (<Element 'scope' at 0x000002234D5A9AC8>, ['Window'])
_completion_names_from_scope:: include everything from lib: <JavaScript curdirlib>
_completion_names_from_scope:: include everything from lib: <JavaScript cataloglib: jQuery>
_completion_names_from_scope:: include everything from lib: <javascript stdlib>
    cplns: []
done eval: success
Done 'JavaScript' CodeIntel! Full CodeIntel took 16ms
Doing CodeIntel for 'JavaScript' (hold on)...
Done 'JavaScript' CodeIntel! Full CodeIntel took 0ms
Doing CodeIntel for 'JavaScript' (hold on)...
Done 'JavaScript' CodeIntel! Full CodeIntel took 8ms
Doing CodeIntel for 'JavaScript' (hold on)...
Done 'JavaScript' CodeIntel! Full CodeIntel took 16ms
Doing CodeIntel for 'JavaScript' (hold on)...
eval 'ite' at buserlist.vue#165  <Trigger 'javascript-complete-names' at 5689>
start scope is (<Element 'scope' at 0x000002234D525048>, ['methods'])
_completion_names_from_scope:: 'ite', scoperef: (<Element 'scope' at 0x000002234D525048>, ['methods'])
_completion_names_from_scope:: checking scoperef: (<Element 'scope' at 0x000002234D525048>, ['methods'])
_completion_names_from_scope:: checking scoperef: (<Element 'scope' at 0x000002234D525048>, [])
_completion_names_from_scope:: checking scoperef: (<Element 'scope' at 0x000002234D5A9AC8>, [])
_completion_names_from_scope:: checking scoperef: (<Element 'scope' at 0x000002234D5A9AC8>, ['Window'])
_completion_names_from_scope:: include everything from lib: <JavaScript curdirlib>
_completion_names_from_scope:: include everything from lib: <JavaScript cataloglib: jQuery>
_completion_names_from_scope:: include everything from lib: <javascript stdlib>
    cplns: []
done eval: success
Done 'JavaScript' CodeIntel! Full CodeIntel took 16ms
Doing CodeIntel for 'JavaScript' (hold on)...
Done 'JavaScript' CodeIntel! Full CodeIntel took 16ms
Doing CodeIntel for 'JavaScript' (hold on)...
Done 'JavaScript' CodeIntel! Full CodeIntel took 16ms
Doing CodeIntel for 'JavaScript' (hold on)...
Done 'JavaScript' CodeIntel! Full CodeIntel took 0ms
Doing CodeIntel for 'JavaScript' (hold on)...
eval 'dat' at buserlist.vue#165  <Trigger 'javascript-complete-names' at 5694>
start scope is (<Element 'scope' at 0x000002234D525048>, ['methods'])
_completion_names_from_scope:: 'dat', scoperef: (<Element 'scope' at 0x000002234D525048>, ['methods'])
_completion_names_from_scope:: checking scoperef: (<Element 'scope' at 0x000002234D525048>, ['methods'])
_completion_names_from_scope:: checking scoperef: (<Element 'scope' at 0x000002234D525048>, [])
_completion_names_from_scope:: checking scoperef: (<Element 'scope' at 0x000002234D5A9AC8>, [])
_completion_names_from_scope:: checking scoperef: (<Element 'scope' at 0x000002234D5A9AC8>, ['Window'])
_completion_names_from_scope:: include everything from lib: <JavaScript curdirlib>
_completion_names_from_scope:: include everything from lib: <JavaScript cataloglib: jQuery>
_completion_names_from_scope:: include everything from lib: <javascript stdlib>
    cplns: []
done eval: success
Done 'JavaScript' CodeIntel! Full CodeIntel took 16ms
Doing CodeIntel for 'JavaScript' (hold on)...
Done 'JavaScript' CodeIntel! Full CodeIntel took 6ms
Doing CodeIntel for 'JavaScript' (hold on)...
eval 'data' at buserlist.vue#165  <Trigger 'javascript-complete-object-members' at 5699>
start scope is (<Element 'scope' at 0x000002234DFABC18>, ['methods'])
find 'data' starting at (<Element 'scope' at 0x000002234DFABC18>, ['methods'])
is 'data' accessible on (<Element 'scope' at 0x000002234DFABC18>, ['methods'])? no
is 'data' accessible on (<Element 'scope' at 0x000002234DFABC18>, [])? no
is 'data' accessible on (<Element 'scope' at 0x000002234D5A9AC8>, [])? no
is 'data' accessible on (<Element 'scope' at 0x000002234D5A9AC8>, ['Window'])? no
lookup 'data' in <JavaScript curdirlib>
lookup 'data' in <JavaScript cataloglib: jQuery>
lookup 'data' in <javascript stdlib>
evaluating 'data' at buserlist.vue#165: could not resolve first part of 'data'
done eval: eval error
Done 'JavaScript' CodeIntel! Full CodeIntel took 63ms
+ Warning: evaluating 'data' at buserlist.vue#165: could not resolve first part of 'data'
Doing CodeIntel for 'JavaScript' (hold on)...
Done 'JavaScript' CodeIntel! Full CodeIntel took 16ms
Doing CodeIntel for 'JavaScript' (hold on)...
Done 'JavaScript' CodeIntel! Full CodeIntel took 16ms
Doing CodeIntel for 'JavaScript' (hold on)...
Done 'JavaScript' CodeIntel! Full CodeIntel took 16ms
Doing CodeIntel for 'JavaScript' (hold on)...
Done 'JavaScript' CodeIntel! Full CodeIntel took 5ms
+ Info: processing `JavaScript': please wait...
Doing CodeIntel for 'JavaScript' (hold on)...
Done 'JavaScript' CodeIntel! Full CodeIntel took 16ms
Doing CodeIntel for 'JavaScript' (hold on)...
Done 'JavaScript' CodeIntel! Full CodeIntel took 0ms
Updating indexes for 'JavaScript'... The first time this can take a while.
Doing CodeIntel for 'JavaScript' (hold on)...
Done 'JavaScript' CodeIntel! Full CodeIntel took 38ms
Doing CodeIntel for 'JavaScript' (hold on)...
Done 'JavaScript' CodeIntel! Full CodeIntel took 0ms
Doing CodeIntel for 'JavaScript' (hold on)...
Done 'JavaScript' CodeIntel! Full CodeIntel took 0ms
Doing CodeIntel for 'JavaScript' (hold on)...
eval 'options' at buserlist.vue#166  <Trigger 'javascript-complete-object-members' at 5722>
start scope is (<Element 'scope' at 0x000002234D58C828>, ['methods'])
find 'options' starting at (<Element 'scope' at 0x000002234D58C828>, ['methods'])
is 'options' accessible on (<Element 'scope' at 0x000002234D58C828>, ['methods'])? no
is 'options' accessible on (<Element 'scope' at 0x000002234D58C828>, [])? no
is 'options' accessible on (<Element 'scope' at 0x000002234D5A9AC8>, [])? no
is 'options' accessible on (<Element 'scope' at 0x000002234D5A9AC8>, ['Window'])? no
lookup 'options' in <JavaScript curdirlib>
lookup 'options' in <JavaScript cataloglib: jQuery>
lookup 'options' in <javascript stdlib>
evaluating 'options' at buserlist.vue#166: could not resolve first part of 'options'
done eval: eval error
Done 'JavaScript' CodeIntel! Full CodeIntel took 16ms
+ Warning: evaluating 'options' at buserlist.vue#166: could not resolve first part of 'options'
+ Info: processing `JavaScript': please wait...
Doing CodeIntel for 'JavaScript' (hold on)...
Done 'JavaScript' CodeIntel! Full CodeIntel took 0ms
Doing CodeIntel for 'JavaScript' (hold on)...
Done 'JavaScript' CodeIntel! Full CodeIntel took 0ms
Doing CodeIntel for 'JavaScript' (hold on)...
Done 'JavaScript' CodeIntel! Full CodeIntel took 16ms
Doing CodeIntel for 'JavaScript' (hold on)...
Done 'JavaScript' CodeIntel! Full CodeIntel took 0ms
Doing CodeIntel for 'JavaScript' (hold on)...
eval 'options.push' at buserlist.vue#166  <Trigger 'javascript-calltip-call-signature' at 5727>
start scope is (<Element 'scope' at 0x000002234DFABC88>, ['methods'])
find 'options' starting at (<Element 'scope' at 0x000002234DFABC88>, ['methods'])
is 'options' accessible on (<Element 'scope' at 0x000002234DFABC88>, ['methods'])? no
is 'options' accessible on (<Element 'scope' at 0x000002234DFABC88>, [])? no
is 'options' accessible on (<Element 'scope' at 0x000002234D5A9AC8>, [])? no
is 'options' accessible on (<Element 'scope' at 0x000002234D5A9AC8>, ['Window'])? no
lookup 'options.push' in <JavaScript curdirlib>
lookup 'options.push' in <JavaScript cataloglib: jQuery>
lookup 'options.push' in <javascript stdlib>
lookup 'options' in <JavaScript curdirlib>
lookup 'options' in <JavaScript cataloglib: jQuery>
lookup 'options' in <javascript stdlib>
evaluating 'options.push' at buserlist.vue#166: could not resolve first part of 'options.push'
done eval: eval error
Done 'JavaScript' CodeIntel! Full CodeIntel took 12ms
+ Warning: evaluating 'options.push' at buserlist.vue#166: could not resolve first part of 'options.push'
Doing CodeIntel for 'JavaScript' (hold on)...
Done 'JavaScript' CodeIntel! Full CodeIntel took 0ms
Doing CodeIntel for 'JavaScript' (hold on)...
Done 'JavaScript' CodeIntel! Full CodeIntel took 0ms
Doing CodeIntel for 'JavaScript' (hold on)...
eval 'val' at buserlist.vue#167  <Trigger 'javascript-complete-names' at 5739>
start scope is (<Element 'scope' at 0x000002234D58CD68>, ['methods'])
_completion_names_from_scope:: 'val', scoperef: (<Element 'scope' at 0x000002234D58CD68>, ['methods'])
_completion_names_from_scope:: checking scoperef: (<Element 'scope' at 0x000002234D58CD68>, ['methods'])
_completion_names_from_scope:: checking scoperef: (<Element 'scope' at 0x000002234D58CD68>, [])
_completion_names_from_scope:: checking scoperef: (<Element 'scope' at 0x000002234D5A9AC8>, [])
_completion_names_from_scope:: checking scoperef: (<Element 'scope' at 0x000002234D5A9AC8>, ['Window'])
_completion_names_from_scope:: include everything from lib: <JavaScript curdirlib>
_completion_names_from_scope:: include everything from lib: <JavaScript cataloglib: jQuery>
_completion_names_from_scope:: include everything from lib: <javascript stdlib>
    cplns: []
done eval: success
Done 'JavaScript' CodeIntel! Full CodeIntel took 0ms
Doing CodeIntel for 'JavaScript' (hold on)...
Done 'JavaScript' CodeIntel! Full CodeIntel took 16ms
Updating indexes for 'JavaScript'... The first time this can take a while.
Doing CodeIntel for 'JavaScript' (hold on)...
Done 'JavaScript' CodeIntel! Full CodeIntel took 37ms
Doing CodeIntel for 'JavaScript' (hold on)...
Done 'JavaScript' CodeIntel! Full CodeIntel took 0ms
Doing CodeIntel for 'JavaScript' (hold on)...
Done 'JavaScript' CodeIntel! Full CodeIntel took 5ms
Doing CodeIntel for 'JavaScript' (hold on)...
Done 'JavaScript' CodeIntel! Full CodeIntel took 0ms
Doing CodeIntel for 'JavaScript' (hold on)...
Done 'JavaScript' CodeIntel! Full CodeIntel took 16ms
Doing CodeIntel for 'JavaScript' (hold on)...
eval 'ite' at buserlist.vue#167  <Trigger 'javascript-complete-names' at 5746>
start scope is (<Element 'scope' at 0x000002234DFABC18>, ['methods'])
_completion_names_from_scope:: 'ite', scoperef: (<Element 'scope' at 0x000002234DFABC18>, ['methods'])
_completion_names_from_scope:: checking scoperef: (<Element 'scope' at 0x000002234DFABC18>, ['methods'])
_completion_names_from_scope:: checking scoperef: (<Element 'scope' at 0x000002234DFABC18>, [])
_completion_names_from_scope:: checking scoperef: (<Element 'scope' at 0x000002234D5A9AC8>, [])
_completion_names_from_scope:: checking scoperef: (<Element 'scope' at 0x000002234D5A9AC8>, ['Window'])
_completion_names_from_scope:: include everything from lib: <JavaScript curdirlib>
_completion_names_from_scope:: include everything from lib: <JavaScript cataloglib: jQuery>
_completion_names_from_scope:: include everything from lib: <javascript stdlib>
    cplns: [('variable', 'item')]
done eval: success
Done 'JavaScript' CodeIntel! Full CodeIntel took 22ms
Autocomplete called (JavaScript) [cplns]
Doing CodeIntel for 'JavaScript' (hold on)...
Done 'JavaScript' CodeIntel! Full CodeIntel took 0ms
Doing CodeIntel for 'JavaScript' (hold on)...
eval 'item' at buserlist.vue#167  <Trigger 'javascript-complete-object-members' at 5751>
start scope is (<Element 'scope' at 0x000002234D58C828>, ['methods'])
find 'item' starting at (<Element 'scope' at 0x000002234D58C828>, ['methods'])
is 'item' accessible on (<Element 'scope' at 0x000002234D58C828>, ['methods'])? yes
_hit_from_first_part: found elem: variable 'item' at ['methods']
resolve 'data.data' type inference for <Element 'variable' at 0x000002234BB8F5F8>:
find 'data' starting at (<Element 'scope' at 0x000002234D58C828>, ['methods'])
is 'data' accessible on (<Element 'scope' at 0x000002234D58C828>, ['methods'])? no
is 'data' accessible on (<Element 'scope' at 0x000002234D58C828>, [])? no
is 'data' accessible on (<Element 'scope' at 0x000002234D5A9AC8>, [])? no
is 'data' accessible on (<Element 'scope' at 0x000002234D5A9AC8>, ['Window'])? no
lookup 'data.data' in <JavaScript curdirlib>
lookup 'data.data' in <JavaScript cataloglib: jQuery>
lookup 'data.data' in <javascript stdlib>
lookup 'data' in <JavaScript curdirlib>
lookup 'data' in <JavaScript cataloglib: jQuery>
lookup 'data' in <javascript stdlib>
could not resolve <Element 'variable' at 0x000002234BB8F5F8>: could not resolve first part of 'data.data'
evaluating 'item' at buserlist.vue#167: No completions found
done eval: eval error
Done 'JavaScript' CodeIntel! Full CodeIntel took 16ms
+ Warning: evaluating 'item' at buserlist.vue#167: No completions found
Doing CodeIntel for 'JavaScript' (hold on)...
Done 'JavaScript' CodeIntel! Full CodeIntel took 7ms
Doing CodeIntel for 'JavaScript' (hold on)...
Done 'JavaScript' CodeIntel! Full CodeIntel took 4ms
Doing CodeIntel for 'JavaScript' (hold on)...
Done 'JavaScript' CodeIntel! Full CodeIntel took 0ms
Doing CodeIntel for 'JavaScript' (hold on)...
Done 'JavaScript' CodeIntel! Full CodeIntel took 0ms
Doing CodeIntel for 'JavaScript' (hold on)...
Done 'JavaScript' CodeIntel! Full CodeIntel took 0ms
Doing CodeIntel for 'JavaScript' (hold on)...
Done 'JavaScript' CodeIntel! Full CodeIntel took 0ms
Updating indexes for 'JavaScript'... The first time this can take a while.
Doing CodeIntel for 'JavaScript' (hold on)...
Done 'JavaScript' CodeIntel! Full CodeIntel took 31ms
Doing CodeIntel for 'JavaScript' (hold on)...
Done 'JavaScript' CodeIntel! Full CodeIntel took 22ms
Doing CodeIntel for 'JavaScript' (hold on)...
Done 'JavaScript' CodeIntel! Full CodeIntel took 0ms
Doing CodeIntel for 'JavaScript' (hold on)...
Done 'JavaScript' CodeIntel! Full CodeIntel took 11ms
Doing CodeIntel for 'JavaScript' (hold on)...
Done 'JavaScript' CodeIntel! Full CodeIntel took 16ms
Doing CodeIntel for 'JavaScript' (hold on)...
Done 'JavaScript' CodeIntel! Full CodeIntel took 16ms
Doing CodeIntel for 'JavaScript' (hold on)...
Done 'JavaScript' CodeIntel! Full CodeIntel took 0ms
Doing CodeIntel for 'JavaScript' (hold on)...
Done 'JavaScript' CodeIntel! Full CodeIntel took 2ms
Doing CodeIntel for 'JavaScript' (hold on)...
Done 'JavaScript' CodeIntel! Full CodeIntel took 16ms
Doing CodeIntel for 'JavaScript' (hold on)...
Done 'JavaScript' CodeIntel! Full CodeIntel took 5ms
Doing CodeIntel for 'JavaScript' (hold on)...
Done 'JavaScript' CodeIntel! Full CodeIntel took 0ms
Doing CodeIntel for 'JavaScript' (hold on)...
Done 'JavaScript' CodeIntel! Full CodeIntel took 0ms
Doing CodeIntel for 'JavaScript' (hold on)...
Done 'JavaScript' CodeIntel! Full CodeIntel took 0ms
Doing CodeIntel for 'JavaScript' (hold on)...
eval 'lab' at buserlist.vue#168  <Trigger 'javascript-complete-names' at 5769>
start scope is (<Element 'scope' at 0x000002234DFABC88>, ['methods'])
_completion_names_from_scope:: 'lab', scoperef: (<Element 'scope' at 0x000002234DFABC88>, ['methods'])
_completion_names_from_scope:: checking scoperef: (<Element 'scope' at 0x000002234DFABC88>, ['methods'])
_completion_names_from_scope:: checking scoperef: (<Element 'scope' at 0x000002234DFABC88>, [])
_completion_names_from_scope:: checking scoperef: (<Element 'scope' at 0x000002234D5A9AC8>, [])
_completion_names_from_scope:: checking scoperef: (<Element 'scope' at 0x000002234D5A9AC8>, ['Window'])
_completion_names_from_scope:: include everything from lib: <JavaScript curdirlib>
_completion_names_from_scope:: include everything from lib: <JavaScript cataloglib: jQuery>
_completion_names_from_scope:: include everything from lib: <javascript stdlib>
    cplns: [('variable', 'label')]
done eval: success
Done 'JavaScript' CodeIntel! Full CodeIntel took 69ms
Autocomplete called (JavaScript) [cplns]
Doing CodeIntel for 'JavaScript' (hold on)...
Done 'JavaScript' CodeIntel! Full CodeIntel took 16ms
Doing CodeIntel for 'JavaScript' (hold on)...
Done 'JavaScript' CodeIntel! Full CodeIntel took 0ms
Doing CodeIntel for 'JavaScript' (hold on)...
Done 'JavaScript' CodeIntel! Full CodeIntel took 0ms
Doing CodeIntel for 'JavaScript' (hold on)...
Done 'JavaScript' CodeIntel! Full CodeIntel took 16ms
Updating indexes for 'JavaScript'... The first time this can take a while.
Doing CodeIntel for 'JavaScript' (hold on)...
Done 'JavaScript' CodeIntel! Full CodeIntel took 41ms
Doing CodeIntel for 'JavaScript' (hold on)...
Done 'JavaScript' CodeIntel! Full CodeIntel took 17ms
Doing CodeIntel for 'JavaScript' (hold on)...
Done 'JavaScript' CodeIntel! Full CodeIntel took 12ms
Doing CodeIntel for 'JavaScript' (hold on)...
Done 'JavaScript' CodeIntel! Full CodeIntel took 1ms
Doing CodeIntel for 'JavaScript' (hold on)...
Done 'JavaScript' CodeIntel! Full CodeIntel took 20ms
+ Info: processing `JavaScript': please wait...
Doing CodeIntel for 'JavaScript' (hold on)...
Done 'JavaScript' CodeIntel! Full CodeIntel took 0ms
Doing CodeIntel for 'JavaScript' (hold on)...
Done 'JavaScript' CodeIntel! Full CodeIntel took 16ms
Doing CodeIntel for 'JavaScript' (hold on)...
Done 'JavaScript' CodeIntel! Full CodeIntel took 6ms
Doing CodeIntel for 'JavaScript' (hold on)...
eval 'ite' at buserlist.vue#168  <Trigger 'javascript-complete-names' at 5776>
start scope is (<Element 'scope' at 0x000002234D58CD68>, ['methods'])
_completion_names_from_scope:: 'ite', scoperef: (<Element 'scope' at 0x000002234D58CD68>, ['methods'])
_completion_names_from_scope:: checking scoperef: (<Element 'scope' at 0x000002234D58CD68>, ['methods'])
_completion_names_from_scope:: checking scoperef: (<Element 'scope' at 0x000002234D58CD68>, [])
_completion_names_from_scope:: checking scoperef: (<Element 'scope' at 0x000002234D5A9AC8>, [])
_completion_names_from_scope:: checking scoperef: (<Element 'scope' at 0x000002234D5A9AC8>, ['Window'])
_completion_names_from_scope:: include everything from lib: <JavaScript curdirlib>
_completion_names_from_scope:: include everything from lib: <JavaScript cataloglib: jQuery>
_completion_names_from_scope:: include everything from lib: <javascript stdlib>
    cplns: [('variable', 'item')]
done eval: success
Done 'JavaScript' CodeIntel! Full CodeIntel took 11ms
Autocomplete called (JavaScript) [cplns]
Doing CodeIntel for 'JavaScript' (hold on)...
Done 'JavaScript' CodeIntel! Full CodeIntel took 11ms
Doing CodeIntel for 'JavaScript' (hold on)...
eval 'item' at buserlist.vue#168  <Trigger 'javascript-complete-object-members' at 5781>
start scope is (<Element 'scope' at 0x000002234DFABC18>, ['methods'])
find 'item' starting at (<Element 'scope' at 0x000002234DFABC18>, ['methods'])
is 'item' accessible on (<Element 'scope' at 0x000002234DFABC18>, ['methods'])? yes
_hit_from_first_part: found elem: variable 'item' at ['methods']
resolve 'data.data' type inference for <Element 'variable' at 0x000002234BB8FE48>:
find 'data' starting at (<Element 'scope' at 0x000002234DFABC18>, ['methods'])
is 'data' accessible on (<Element 'scope' at 0x000002234DFABC18>, ['methods'])? no
is 'data' accessible on (<Element 'scope' at 0x000002234DFABC18>, [])? no
is 'data' accessible on (<Element 'scope' at 0x000002234D5A9AC8>, [])? no
is 'data' accessible on (<Element 'scope' at 0x000002234D5A9AC8>, ['Window'])? no
lookup 'data.data' in <JavaScript curdirlib>
lookup 'data.data' in <JavaScript cataloglib: jQuery>
lookup 'data.data' in <javascript stdlib>
lookup 'data' in <JavaScript curdirlib>
lookup 'data' in <JavaScript cataloglib: jQuery>
lookup 'data' in <javascript stdlib>
could not resolve <Element 'variable' at 0x000002234BB8FE48>: could not resolve first part of 'data.data'
evaluating 'item' at buserlist.vue#168: No completions found
done eval: eval error
Done 'JavaScript' CodeIntel! Full CodeIntel took 21ms
+ Warning: evaluating 'item' at buserlist.vue#168: No completions found
Doing CodeIntel for 'JavaScript' (hold on)...
Done 'JavaScript' CodeIntel! Full CodeIntel took 5ms
Doing CodeIntel for 'JavaScript' (hold on)...
Done 'JavaScript' CodeIntel! Full CodeIntel took 16ms
Doing CodeIntel for 'JavaScript' (hold on)...
Done 'JavaScript' CodeIntel! Full CodeIntel took 16ms
Doing CodeIntel for 'JavaScript' (hold on)...
Done 'JavaScript' CodeIntel! Full CodeIntel took 0ms
Doing CodeIntel for 'JavaScript' (hold on)...
Done 'JavaScript' CodeIntel! Full CodeIntel took 7ms
Doing CodeIntel for 'JavaScript' (hold on)...
Done 'JavaScript' CodeIntel! Full CodeIntel took 16ms
Doing CodeIntel for 'JavaScript' (hold on)...
Done 'JavaScript' CodeIntel! Full CodeIntel took 0ms
Doing CodeIntel for 'JavaScript' (hold on)...
Done 'JavaScript' CodeIntel! Full CodeIntel took 0ms
Updating indexes for 'JavaScript'... The first time this can take a while.
Doing CodeIntel for 'JavaScript' (hold on)...
Done 'JavaScript' CodeIntel! Full CodeIntel took 47ms
Doing CodeIntel for 'JavaScript' (hold on)...
Done 'JavaScript' CodeIntel! Full CodeIntel took 7ms
Doing CodeIntel for 'JavaScript' (hold on)...
Done 'JavaScript' CodeIntel! Full CodeIntel took 16ms
Doing CodeIntel for 'JavaScript' (hold on)...
Done 'JavaScript' CodeIntel! Full CodeIntel took 8ms
Doing CodeIntel for 'JavaScript' (hold on)...
Done 'JavaScript' CodeIntel! Full CodeIntel took 13ms
Doing CodeIntel for 'JavaScript' (hold on)...
Done 'JavaScript' CodeIntel! Full CodeIntel took 0ms
+ Info: processing `HTML': please wait...
Updating indexes for 'HTML'... The first time this can take a while.
scan_purelang: path: 'D:\\eqdis\\GitHub\\reservation-web\\src\\components\\system\\buserlist.vue' lang: HTML
Doing CodeIntel for 'HTML' (hold on)...
Done 'HTML' CodeIntel! Full CodeIntel took 57ms
Updating indexes for 'HTML'... The first time this can take a while.
scan_purelang: path: 'D:\\eqdis\\GitHub\\reservation-web\\src\\components\\system\\buserlist.vue' lang: HTML
Doing CodeIntel for 'HTML' (hold on)...
Done 'HTML' CodeIntel! Full CodeIntel took 31ms
Doing CodeIntel for 'HTML' (hold on)...
Done 'HTML' CodeIntel! Full CodeIntel took 30ms
Doing CodeIntel for 'HTML' (hold on)...
Done 'HTML' CodeIntel! Full CodeIntel took 21ms
Doing CodeIntel for 'HTML' (hold on)...
Done 'HTML' CodeIntel! Full CodeIntel took 16ms
+ Info: processing `JavaScript': please wait...
Updating indexes for 'JavaScript'... The first time this can take a while.
Doing CodeIntel for 'JavaScript' (hold on)...
Done 'JavaScript' CodeIntel! Full CodeIntel took 65ms
Updating indexes for 'JavaScript'... The first time this can take a while.
Doing CodeIntel for 'JavaScript' (hold on)...
Done 'JavaScript' CodeIntel! Full CodeIntel took 54ms
+ Info: processing `JavaScript': please wait...
Doing CodeIntel for 'JavaScript' (hold on)...
Done 'JavaScript' CodeIntel! Full CodeIntel took 16ms
Updating indexes for 'JavaScript'... The first time this can take a while.
Doing CodeIntel for 'JavaScript' (hold on)...
Done 'JavaScript' CodeIntel! Full CodeIntel took 37ms
Doing CodeIntel for 'JavaScript' (hold on)...
Done 'JavaScript' CodeIntel! Full CodeIntel took 16ms
Doing CodeIntel for 'JavaScript' (hold on)...
Done 'JavaScript' CodeIntel! Full CodeIntel took 16ms
Doing CodeIntel for 'JavaScript' (hold on)...
Done 'JavaScript' CodeIntel! Full CodeIntel took 0ms
Doing CodeIntel for 'JavaScript' (hold on)...
Done 'JavaScript' CodeIntel! Full CodeIntel took 16ms
+ Info: processing `JavaScript': please wait...
Updating indexes for 'JavaScript'... The first time this can take a while.
Doing CodeIntel for 'JavaScript' (hold on)...
Done 'JavaScript' CodeIntel! Full CodeIntel took 124ms
Updating indexes for 'JavaScript'... The first time this can take a while.
Doing CodeIntel for 'JavaScript' (hold on)...
Done 'JavaScript' CodeIntel! Full CodeIntel took 31ms
Doing CodeIntel for 'JavaScript' (hold on)...
Done 'JavaScript' CodeIntel! Full CodeIntel took 18ms
Doing CodeIntel for 'JavaScript' (hold on)...
Done 'JavaScript' CodeIntel! Full CodeIntel took 0ms
Doing CodeIntel for 'JavaScript' (hold on)...
+ Info: processing `JavaScript': please wait...
Done 'JavaScript' CodeIntel! Full CodeIntel took 5ms
Doing CodeIntel for 'JavaScript' (hold on)...
Done 'JavaScript' CodeIntel! Full CodeIntel took 16ms
Doing CodeIntel for 'JavaScript' (hold on)...
Done 'JavaScript' CodeIntel! Full CodeIntel took 0ms
Doing CodeIntel for 'JavaScript' (hold on)...
Done 'JavaScript' CodeIntel! Full CodeIntel took 0ms
Doing CodeIntel for 'JavaScript' (hold on)...
Done 'JavaScript' CodeIntel! Full CodeIntel took 8ms
Updating indexes for 'JavaScript'... The first time this can take a while.
Updating indexes for 'JavaScript'... The first time this can take a while.
Doing CodeIntel for 'JavaScript' (hold on)...
Done 'JavaScript' CodeIntel! Full CodeIntel took 37ms
Doing CodeIntel for 'JavaScript' (hold on)...
Done 'JavaScript' CodeIntel! Full CodeIntel took 16ms
Updating indexes for 'JavaScript'... The first time this can take a while.
Doing CodeIntel for 'JavaScript' (hold on)...
Done 'JavaScript' CodeIntel! Full CodeIntel took 31ms
Doing CodeIntel for 'JavaScript' (hold on)...
+ Info: processing `JavaScript': please wait...
Done 'JavaScript' CodeIntel! Full CodeIntel took 0ms
Doing CodeIntel for 'JavaScript' (hold on)...
Done 'JavaScript' CodeIntel! Full CodeIntel took 0ms
Doing CodeIntel for 'JavaScript' (hold on)...
Done 'JavaScript' CodeIntel! Full CodeIntel took 0ms
Updating indexes for 'JavaScript'... The first time this can take a while.
Doing CodeIntel for 'JavaScript' (hold on)...
Done 'JavaScript' CodeIntel! Full CodeIntel took 31ms
Doing CodeIntel for 'JavaScript' (hold on)...
Done 'JavaScript' CodeIntel! Full CodeIntel took 0ms
Doing CodeIntel for 'JavaScript' (hold on)...
Done 'JavaScript' CodeIntel! Full CodeIntel took 0ms
Updating indexes for 'JavaScript'... The first time this can take a while.
Doing CodeIntel for 'JavaScript' (hold on)...
Done 'JavaScript' CodeIntel! Full CodeIntel took 31ms
Updating indexes for 'JavaScript'... The first time this can take a while.
Doing CodeIntel for 'JavaScript' (hold on)...
Done 'JavaScript' CodeIntel! Full CodeIntel took 53ms
Doing CodeIntel for 'JavaScript' (hold on)...
Done 'JavaScript' CodeIntel! Full CodeIntel took 16ms
Doing CodeIntel for 'JavaScript' (hold on)...
eval 'ofr' at buserlist.vue#169  <Trigger 'javascript-complete-names' at 5785>
start scope is (<Element 'scope' at 0x000002234D58C828>, ['methods'])
_completion_names_from_scope:: 'ofr', scoperef: (<Element 'scope' at 0x000002234D58C828>, ['methods'])
_completion_names_from_scope:: checking scoperef: (<Element 'scope' at 0x000002234D58C828>, ['methods'])
_completion_names_from_scope:: checking scoperef: (<Element 'scope' at 0x000002234D58C828>, [])
_completion_names_from_scope:: checking scoperef: (<Element 'scope' at 0x000002234D5A9AC8>, [])
_completion_names_from_scope:: checking scoperef: (<Element 'scope' at 0x000002234D5A9AC8>, ['Window'])
_completion_names_from_scope:: include everything from lib: <JavaScript curdirlib>
_completion_names_from_scope:: include everything from lib: <JavaScript cataloglib: jQuery>
_completion_names_from_scope:: include everything from lib: <javascript stdlib>
    cplns: []
done eval: success
Done 'JavaScript' CodeIntel! Full CodeIntel took 16ms
Doing CodeIntel for 'JavaScript' (hold on)...
Done 'JavaScript' CodeIntel! Full CodeIntel took 21ms
Doing CodeIntel for 'JavaScript' (hold on)...
Done 'JavaScript' CodeIntel! Full CodeIntel took 0ms
Doing CodeIntel for 'JavaScript' (hold on)...
eval 'for' at buserlist.vue#169  <Trigger 'javascript-complete-names' at 5785>
start scope is (<Element 'scope' at 0x000002234DFABC18>, ['methods'])
_completion_names_from_scope:: 'for', scoperef: (<Element 'scope' at 0x000002234DFABC18>, ['methods'])
_completion_names_from_scope:: checking scoperef: (<Element 'scope' at 0x000002234DFABC18>, ['methods'])
_completion_names_from_scope:: checking scoperef: (<Element 'scope' at 0x000002234DFABC18>, [])
_completion_names_from_scope:: checking scoperef: (<Element 'scope' at 0x000002234D5A9AC8>, [])
_completion_names_from_scope:: checking scoperef: (<Element 'scope' at 0x000002234D5A9AC8>, ['Window'])
_completion_names_from_scope:: include everything from lib: <JavaScript curdirlib>
_completion_names_from_scope:: include everything from lib: <JavaScript cataloglib: jQuery>
_completion_names_from_scope:: include everything from lib: <javascript stdlib>
    cplns: [('keyword', 'for'), ('variable', 'form'), ('function', 'forward')]
done eval: success
Done 'JavaScript' CodeIntel! Full CodeIntel took 16ms
Autocomplete called (JavaScript) [cplns]
Doing CodeIntel for 'JavaScript' (hold on)...
Done 'JavaScript' CodeIntel! Full CodeIntel took 0ms
Doing CodeIntel for 'JavaScript' (hold on)...
Done 'JavaScript' CodeIntel! Full CodeIntel took 16ms
Doing CodeIntel for 'JavaScript' (hold on)...
Done 'JavaScript' CodeIntel! Full CodeIntel took 0ms
Doing CodeIntel for 'JavaScript' (hold on)...
Done 'JavaScript' CodeIntel! Full CodeIntel took 21ms
Doing CodeIntel for 'JavaScript' (hold on)...
eval 'let' at buserlist.vue#169  <Trigger 'javascript-complete-names' at 5789>
start scope is (<Element 'scope' at 0x000002234D58CD68>, ['methods'])
_completion_names_from_scope:: 'let', scoperef: (<Element 'scope' at 0x000002234D58CD68>, ['methods'])
_completion_names_from_scope:: checking scoperef: (<Element 'scope' at 0x000002234D58CD68>, ['methods'])
_completion_names_from_scope:: checking scoperef: (<Element 'scope' at 0x000002234D58CD68>, [])
_completion_names_from_scope:: checking scoperef: (<Element 'scope' at 0x000002234D5A9AC8>, [])
_completion_names_from_scope:: checking scoperef: (<Element 'scope' at 0x000002234D5A9AC8>, ['Window'])
_completion_names_from_scope:: include everything from lib: <JavaScript curdirlib>
_completion_names_from_scope:: include everything from lib: <JavaScript cataloglib: jQuery>
_completion_names_from_scope:: include everything from lib: <javascript stdlib>
    cplns: [('keyword', 'let')]
done eval: success
Done 'JavaScript' CodeIntel! Full CodeIntel took 0ms
Autocomplete called (JavaScript) [cplns]
Doing CodeIntel for 'JavaScript' (hold on)...
Done 'JavaScript' CodeIntel! Full CodeIntel took 16ms
Doing CodeIntel for 'JavaScript' (hold on)...
Done 'JavaScript' CodeIntel! Full CodeIntel took 10ms
Doing CodeIntel for 'JavaScript' (hold on)...
Done 'JavaScript' CodeIntel! Full CodeIntel took 18ms
Updating indexes for 'JavaScript'... The first time this can take a while.
Doing CodeIntel for 'JavaScript' (hold on)...
Done 'JavaScript' CodeIntel! Full CodeIntel took 47ms
Doing CodeIntel for 'JavaScript' (hold on)...
Done 'JavaScript' CodeIntel! Full CodeIntel took 0ms
Doing CodeIntel for 'JavaScript' (hold on)...
Done 'JavaScript' CodeIntel! Full CodeIntel took 19ms
Doing CodeIntel for 'JavaScript' (hold on)...
Done 'JavaScript' CodeIntel! Full CodeIntel took 0ms
Doing CodeIntel for 'JavaScript' (hold on)...
Done 'JavaScript' CodeIntel! Full CodeIntel took 0ms
Doing CodeIntel for 'JavaScript' (hold on)...
Done 'JavaScript' CodeIntel! Full CodeIntel took 18ms
Doing CodeIntel for 'JavaScript' (hold on)...
Done 'JavaScript' CodeIntel! Full CodeIntel took 16ms
Doing CodeIntel for 'JavaScript' (hold on)...
eval 'dat' at buserlist.vue#169  <Trigger 'javascript-complete-names' at 5801>
start scope is (<Element 'scope' at 0x000002234DFABC18>, ['methods'])
_completion_names_from_scope:: 'dat', scoperef: (<Element 'scope' at 0x000002234DFABC18>, ['methods'])
_completion_names_from_scope:: checking scoperef: (<Element 'scope' at 0x000002234DFABC18>, ['methods'])
_completion_names_from_scope:: checking scoperef: (<Element 'scope' at 0x000002234DFABC18>, [])
_completion_names_from_scope:: checking scoperef: (<Element 'scope' at 0x000002234D5A9AC8>, [])
_completion_names_from_scope:: checking scoperef: (<Element 'scope' at 0x000002234D5A9AC8>, ['Window'])
_completion_names_from_scope:: include everything from lib: <JavaScript curdirlib>
_completion_names_from_scope:: include everything from lib: <JavaScript cataloglib: jQuery>
_completion_names_from_scope:: include everything from lib: <javascript stdlib>
    cplns: []
done eval: success
Done 'JavaScript' CodeIntel! Full CodeIntel took 16ms
Doing CodeIntel for 'JavaScript' (hold on)...
Done 'JavaScript' CodeIntel! Full CodeIntel took 16ms
Doing CodeIntel for 'JavaScript' (hold on)...
eval 'data' at buserlist.vue#169  <Trigger 'javascript-complete-object-members' at 5806>
start scope is (<Element 'scope' at 0x000002234D58C828>, ['methods'])
find 'data' starting at (<Element 'scope' at 0x000002234D58C828>, ['methods'])
is 'data' accessible on (<Element 'scope' at 0x000002234D58C828>, ['methods'])? no
is 'data' accessible on (<Element 'scope' at 0x000002234D58C828>, [])? no
is 'data' accessible on (<Element 'scope' at 0x000002234D5A9AC8>, [])? no
is 'data' accessible on (<Element 'scope' at 0x000002234D5A9AC8>, ['Window'])? no
lookup 'data' in <JavaScript curdirlib>
lookup 'data' in <JavaScript cataloglib: jQuery>
lookup 'data' in <javascript stdlib>
evaluating 'data' at buserlist.vue#169: could not resolve first part of 'data'
done eval: eval error
Done 'JavaScript' CodeIntel! Full CodeIntel took 22ms
+ Warning: evaluating 'data' at buserlist.vue#169: could not resolve first part of 'data'
Doing CodeIntel for 'JavaScript' (hold on)...
Done 'JavaScript' CodeIntel! Full CodeIntel took 11ms
Doing CodeIntel for 'JavaScript' (hold on)...
Done 'JavaScript' CodeIntel! Full CodeIntel took 3ms
Doing CodeIntel for 'JavaScript' (hold on)...
Done 'JavaScript' CodeIntel! Full CodeIntel took 0ms
Doing CodeIntel for 'JavaScript' (hold on)...
Done 'JavaScript' CodeIntel! Full CodeIntel took 0ms
Doing CodeIntel for 'JavaScript' (hold on)...
Done 'JavaScript' CodeIntel! Full CodeIntel took 16ms
Updating indexes for 'JavaScript'... The first time this can take a while.
Doing CodeIntel for 'JavaScript' (hold on)...
Done 'JavaScript' CodeIntel! Full CodeIntel took 52ms
Doing CodeIntel for 'JavaScript' (hold on)...
Done 'JavaScript' CodeIntel! Full CodeIntel took 0ms
Doing CodeIntel for 'JavaScript' (hold on)...
Done 'JavaScript' CodeIntel! Full CodeIntel took 8ms
Updating indexes for 'JavaScript'... The first time this can take a while.
Doing CodeIntel for 'JavaScript' (hold on)...
Done 'JavaScript' CodeIntel! Full CodeIntel took 47ms
Doing CodeIntel for 'JavaScript' (hold on)...
Done 'JavaScript' CodeIntel! Full CodeIntel took 0ms
Updating indexes for 'JavaScript'... The first time this can take a while.
Doing CodeIntel for 'JavaScript' (hold on)...
Done 'JavaScript' CodeIntel! Full CodeIntel took 47ms
Doing CodeIntel for 'JavaScript' (hold on)...
eval 'ofr' at buserlist.vue#169  <Trigger 'javascript-complete-names' at 5785>
start scope is (<Element 'scope' at 0x000002234DFABC18>, ['methods'])
_completion_names_from_scope:: 'ofr', scoperef: (<Element 'scope' at 0x000002234DFABC18>, ['methods'])
_completion_names_from_scope:: checking scoperef: (<Element 'scope' at 0x000002234DFABC18>, ['methods'])
_completion_names_from_scope:: checking scoperef: (<Element 'scope' at 0x000002234DFABC18>, [])
_completion_names_from_scope:: checking scoperef: (<Element 'scope' at 0x000002234D5A9AC8>, [])
_completion_names_from_scope:: checking scoperef: (<Element 'scope' at 0x000002234D5A9AC8>, ['Window'])
_completion_names_from_scope:: include everything from lib: <JavaScript curdirlib>
_completion_names_from_scope:: include everything from lib: <JavaScript cataloglib: jQuery>
_completion_names_from_scope:: include everything from lib: <javascript stdlib>
    cplns: []
done eval: success
Done 'JavaScript' CodeIntel! Full CodeIntel took 0ms
Updating indexes for 'JavaScript'... The first time this can take a while.
Doing CodeIntel for 'JavaScript' (hold on)...
Done 'JavaScript' CodeIntel! Full CodeIntel took 47ms
Doing CodeIntel for 'JavaScript' (hold on)...
Done 'JavaScript' CodeIntel! Full CodeIntel took 21ms
Updating indexes for 'JavaScript'... The first time this can take a while.
Doing CodeIntel for 'JavaScript' (hold on)...
Done 'JavaScript' CodeIntel! Full CodeIntel took 38ms
Doing CodeIntel for 'JavaScript' (hold on)...
Done 'JavaScript' CodeIntel! Full CodeIntel took 16ms
Updating indexes for 'JavaScript'... The first time this can take a while.
Doing CodeIntel for 'JavaScript' (hold on)...
Done 'JavaScript' CodeIntel! Full CodeIntel took 47ms
Doing CodeIntel for 'JavaScript' (hold on)...
Done 'JavaScript' CodeIntel! Full CodeIntel took 16ms
Doing CodeIntel for 'JavaScript' (hold on)...
Done 'JavaScript' CodeIntel! Full CodeIntel took 18ms
Doing CodeIntel for 'JavaScript' (hold on)...
Done 'JavaScript' CodeIntel! Full CodeIntel took 20ms
Updating indexes for 'JavaScript'... The first time this can take a while.
Doing CodeIntel for 'JavaScript' (hold on)...
Done 'JavaScript' CodeIntel! Full CodeIntel took 31ms
Updating indexes for 'JavaScript'... The first time this can take a while.
Updating indexes for 'JavaScript'... The first time this can take a while.
Updating indexes for 'JavaScript'... The first time this can take a while.
Doing CodeIntel for 'JavaScript' (hold on)...
Done 'JavaScript' CodeIntel! Full CodeIntel took 47ms
Doing CodeIntel for 'JavaScript' (hold on)...
Done 'JavaScript' CodeIntel! Full CodeIntel took 0ms
Doing CodeIntel for 'JavaScript' (hold on)...
eval 'let' at buserlist.vue#167  <Trigger 'javascript-complete-names' at 5790>
start scope is (<Element 'scope' at 0x000002234D58CD68>, ['methods'])
_completion_names_from_scope:: 'let', scoperef: (<Element 'scope' at 0x000002234D58CD68>, ['methods'])
_completion_names_from_scope:: checking scoperef: (<Element 'scope' at 0x000002234D58CD68>, ['methods'])
_completion_names_from_scope:: checking scoperef: (<Element 'scope' at 0x000002234D58CD68>, [])
_completion_names_from_scope:: checking scoperef: (<Element 'scope' at 0x000002234D5A9AC8>, [])
_completion_names_from_scope:: checking scoperef: (<Element 'scope' at 0x000002234D5A9AC8>, ['Window'])
_completion_names_from_scope:: include everything from lib: <JavaScript curdirlib>
_completion_names_from_scope:: include everything from lib: <JavaScript cataloglib: jQuery>
_completion_names_from_scope:: include everything from lib: <javascript stdlib>
    cplns: [('keyword', 'let')]
done eval: success
Done 'JavaScript' CodeIntel! Full CodeIntel took 16ms
Autocomplete called (JavaScript) [cplns]
Doing CodeIntel for 'JavaScript' (hold on)...
Done 'JavaScript' CodeIntel! Full CodeIntel took 0ms
Updating indexes for 'JavaScript'... The first time this can take a while.
+ Info: processing `JavaScript': please wait...
Doing CodeIntel for 'JavaScript' (hold on)...
Done 'JavaScript' CodeIntel! Full CodeIntel took 36ms
Doing CodeIntel for 'JavaScript' (hold on)...
Done 'JavaScript' CodeIntel! Full CodeIntel took 6ms
Doing CodeIntel for 'JavaScript' (hold on)...
Done 'JavaScript' CodeIntel! Full CodeIntel took 6ms
Doing CodeIntel for 'JavaScript' (hold on)...
Done 'JavaScript' CodeIntel! Full CodeIntel took 7ms
Doing CodeIntel for 'JavaScript' (hold on)...
Done 'JavaScript' CodeIntel! Full CodeIntel took 7ms
Updating indexes for 'JavaScript'... The first time this can take a while.
Doing CodeIntel for 'JavaScript' (hold on)...
Done 'JavaScript' CodeIntel! Full CodeIntel took 33ms
Updating indexes for 'JavaScript'... The first time this can take a while.
Updating indexes for 'JavaScript'... The first time this can take a while.
Doing CodeIntel for 'JavaScript' (hold on)...
Done 'JavaScript' CodeIntel! Full CodeIntel took 33ms
Updating indexes for 'JavaScript'... The first time this can take a while.
Doing CodeIntel for 'JavaScript' (hold on)...
Done 'JavaScript' CodeIntel! Full CodeIntel took 35ms
+ Info: processing `HTML': please wait...
Updating indexes for 'HTML'... The first time this can take a while.
scan_purelang: path: 'D:\\eqdis\\GitHub\\reservation-web\\src\\components\\system\\buserlist.vue' lang: HTML
Doing CodeIntel for 'HTML' (hold on)...
Done 'HTML' CodeIntel! Full CodeIntel took 53ms
Doing CodeIntel for 'HTML' (hold on)...
Done 'HTML' CodeIntel! Full CodeIntel took 16ms
+ Info: processing `JavaScript': please wait...
Updating indexes for 'JavaScript'... The first time this can take a while.
Doing CodeIntel for 'JavaScript' (hold on)...
eval '' at buserlist.vue#163  <Trigger 'javascript-defn-defn' at 5763 (explicit)>
start scope is (<Element 'scope' at 0x000002234E0976D8>, ['methods'])
Unexpected error with evaluator: '' at buserlist.vue#163
Traceback (most recent call last):
  File "C:\Users\think\AppData\Roaming\Sublime Text 3\Packages\SublimeCodeIntel\libs\codeintel2\tree.py", line 331, in eval
    defns = self.eval_defns()
  File "C:\Users\think\AppData\Roaming\Sublime Text 3\Packages\SublimeCodeIntel\libs\codeintel2\tree_javascript.py", line 180, in eval_defns
    hits = self._hits_from_citdl(self.expr, start_scoperef, defn_only=True)
  File "C:\Users\think\AppData\Roaming\Sublime Text 3\Packages\SublimeCodeIntel\libs\codeintel2\tree_javascript.py", line 463, in _hits_from_citdl
    hits, nconsumed = self._hits_from_first_part(tokens, scoperef)
  File "C:\Users\think\AppData\Roaming\Sublime Text 3\Packages\SublimeCodeIntel\libs\codeintel2\tree_javascript.py", line 831, in _hits_from_first_part
    elem, scoperef = self._hit_from_first_token(tokens[0], scoperef)
IndexError: list index out of range
done eval: eval error
Done 'JavaScript' CodeIntel! Full CodeIntel took 82ms
Doing CodeIntel for 'JavaScript' (hold on)...
Done 'JavaScript' CodeIntel! Full CodeIntel took 7ms
Doing CodeIntel for 'JavaScript' (hold on)...
Done 'JavaScript' CodeIntel! Full CodeIntel took 8ms
Doing CodeIntel for 'JavaScript' (hold on)...
eval 'val' at buserlist.vue#164  <Trigger 'javascript-complete-names' at 5801>
start scope is (<Element 'scope' at 0x000002234D525048>, ['methods'])
_completion_names_from_scope:: 'val', scoperef: (<Element 'scope' at 0x000002234D525048>, ['methods'])
_completion_names_from_scope:: checking scoperef: (<Element 'scope' at 0x000002234D525048>, ['methods'])
_completion_names_from_scope:: checking scoperef: (<Element 'scope' at 0x000002234D525048>, [])
_completion_names_from_scope:: checking scoperef: (<Element 'scope' at 0x000002234D5A9AC8>, [])
_completion_names_from_scope:: checking scoperef: (<Element 'scope' at 0x000002234D5A9AC8>, ['Window'])
_completion_names_from_scope:: include everything from lib: <JavaScript curdirlib>
_completion_names_from_scope:: include everything from lib: <JavaScript cataloglib: jQuery>
_completion_names_from_scope:: include everything from lib: <javascript stdlib>
    cplns: []
done eval: success
Done 'JavaScript' CodeIntel! Full CodeIntel took 13ms
Doing CodeIntel for 'JavaScript' (hold on)...
Done 'JavaScript' CodeIntel! Full CodeIntel took 6ms
Doing CodeIntel for 'JavaScript' (hold on)...
Done 'JavaScript' CodeIntel! Full CodeIntel took 6ms
Updating indexes for 'JavaScript'... The first time this can take a while.
Doing CodeIntel for 'JavaScript' (hold on)...
Done 'JavaScript' CodeIntel! Full CodeIntel took 39ms
Doing CodeIntel for 'JavaScript' (hold on)...
Done 'JavaScript' CodeIntel! Full CodeIntel took 7ms
Doing CodeIntel for 'JavaScript' (hold on)...
eval 'lab' at buserlist.vue#165  <Trigger 'javascript-complete-names' at 5830>
start scope is (<Element 'scope' at 0x000002234D525048>, ['methods'])
_completion_names_from_scope:: 'lab', scoperef: (<Element 'scope' at 0x000002234D525048>, ['methods'])
_completion_names_from_scope:: checking scoperef: (<Element 'scope' at 0x000002234D525048>, ['methods'])
_completion_names_from_scope:: checking scoperef: (<Element 'scope' at 0x000002234D525048>, [])
_completion_names_from_scope:: checking scoperef: (<Element 'scope' at 0x000002234D5A9AC8>, [])
_completion_names_from_scope:: checking scoperef: (<Element 'scope' at 0x000002234D5A9AC8>, ['Window'])
_completion_names_from_scope:: include everything from lib: <JavaScript curdirlib>
_completion_names_from_scope:: include everything from lib: <JavaScript cataloglib: jQuery>
_completion_names_from_scope:: include everything from lib: <javascript stdlib>
    cplns: [('variable', 'label')]
done eval: success
Done 'JavaScript' CodeIntel! Full CodeIntel took 11ms
Autocomplete called (JavaScript) [cplns]
Doing CodeIntel for 'JavaScript' (hold on)...
Done 'JavaScript' CodeIntel! Full CodeIntel took 10ms
Updating indexes for 'JavaScript'... The first time this can take a while.
Doing CodeIntel for 'JavaScript' (hold on)...
Done 'JavaScript' CodeIntel! Full CodeIntel took 45ms
Doing CodeIntel for 'JavaScript' (hold on)...
Done 'JavaScript' CodeIntel! Full CodeIntel took 6ms
Updating indexes for 'JavaScript'... The first time this can take a while.
Doing CodeIntel for 'JavaScript' (hold on)...
Done 'JavaScript' CodeIntel! Full CodeIntel took 34ms
Doing CodeIntel for 'JavaScript' (hold on)...
Done 'JavaScript' CodeIntel! Full CodeIntel took 7ms
Doing CodeIntel for 'JavaScript' (hold on)...
eval 'vla' at buserlist.vue#164  <Trigger 'javascript-complete-names' at 5801>
start scope is (<Element 'scope' at 0x000002234D525048>, ['methods'])
_completion_names_from_scope:: 'vla', scoperef: (<Element 'scope' at 0x000002234D525048>, ['methods'])
_completion_names_from_scope:: checking scoperef: (<Element 'scope' at 0x000002234D525048>, ['methods'])
_completion_names_from_scope:: checking scoperef: (<Element 'scope' at 0x000002234D525048>, [])
_completion_names_from_scope:: checking scoperef: (<Element 'scope' at 0x000002234D5A9AC8>, [])
_completion_names_from_scope:: checking scoperef: (<Element 'scope' at 0x000002234D5A9AC8>, ['Window'])
_completion_names_from_scope:: include everything from lib: <JavaScript curdirlib>
_completion_names_from_scope:: include everything from lib: <JavaScript cataloglib: jQuery>
_completion_names_from_scope:: include everything from lib: <javascript stdlib>
    cplns: []
done eval: success
Done 'JavaScript' CodeIntel! Full CodeIntel took 14ms
Doing CodeIntel for 'JavaScript' (hold on)...
Done 'JavaScript' CodeIntel! Full CodeIntel took 7ms
Doing CodeIntel for 'JavaScript' (hold on)...
eval 'val' at buserlist.vue#164  <Trigger 'javascript-complete-names' at 5801>
start scope is (<Element 'scope' at 0x000002234D525048>, ['methods'])
_completion_names_from_scope:: 'val', scoperef: (<Element 'scope' at 0x000002234D525048>, ['methods'])
_completion_names_from_scope:: checking scoperef: (<Element 'scope' at 0x000002234D525048>, ['methods'])
_completion_names_from_scope:: checking scoperef: (<Element 'scope' at 0x000002234D525048>, [])
_completion_names_from_scope:: checking scoperef: (<Element 'scope' at 0x000002234D5A9AC8>, [])
_completion_names_from_scope:: checking scoperef: (<Element 'scope' at 0x000002234D5A9AC8>, ['Window'])
_completion_names_from_scope:: include everything from lib: <JavaScript curdirlib>
_completion_names_from_scope:: include everything from lib: <JavaScript cataloglib: jQuery>
_completion_names_from_scope:: include everything from lib: <javascript stdlib>
    cplns: []
done eval: success
Done 'JavaScript' CodeIntel! Full CodeIntel took 13ms
Doing CodeIntel for 'JavaScript' (hold on)...
Done 'JavaScript' CodeIntel! Full CodeIntel took 7ms
Doing CodeIntel for 'JavaScript' (hold on)...
Done 'JavaScript' CodeIntel! Full CodeIntel took 6ms
Doing CodeIntel for 'JavaScript' (hold on)...
Done 'JavaScript' CodeIntel! Full CodeIntel took 7ms
Doing CodeIntel for 'JavaScript' (hold on)...
Done 'JavaScript' CodeIntel! Full CodeIntel took 6ms
Doing CodeIntel for 'JavaScript' (hold on)...
Done 'JavaScript' CodeIntel! Full CodeIntel took 7ms
Doing CodeIntel for 'JavaScript' (hold on)...
Done 'JavaScript' CodeIntel! Full CodeIntel took 7ms
Updating indexes for 'JavaScript'... The first time this can take a while.
Doing CodeIntel for 'JavaScript' (hold on)...
Done 'JavaScript' CodeIntel! Full CodeIntel took 33ms
Doing CodeIntel for 'JavaScript' (hold on)...
Done 'JavaScript' CodeIntel! Full CodeIntel took 6ms
Doing CodeIntel for 'JavaScript' (hold on)...
Done 'JavaScript' CodeIntel! Full CodeIntel took 6ms
Doing CodeIntel for 'JavaScript' (hold on)...
Done 'JavaScript' CodeIntel! Full CodeIntel took 7ms
Updating indexes for 'JavaScript'... The first time this can take a while.
Doing CodeIntel for 'JavaScript' (hold on)...
Done 'JavaScript' CodeIntel! Full CodeIntel took 39ms
Doing CodeIntel for 'JavaScript' (hold on)...
Done 'JavaScript' CodeIntel! Full CodeIntel took 7ms
Updating indexes for 'JavaScript'... The first time this can take a while.
Doing CodeIntel for 'JavaScript' (hold on)...
Done 'JavaScript' CodeIntel! Full CodeIntel took 44ms
Updating indexes for 'JavaScript'... The first time this can take a while.
Updating indexes for 'JavaScript'... The first time this can take a while.
Doing CodeIntel for 'JavaScript' (hold on)...
Done 'JavaScript' CodeIntel! Full CodeIntel took 33ms
Updating indexes for 'JavaScript'... The first time this can take a while.
Doing CodeIntel for 'JavaScript' (hold on)...
Done 'JavaScript' CodeIntel! Full CodeIntel took 39ms
Updating indexes for 'JavaScript'... The first time this can take a while.
Doing CodeIntel for 'JavaScript' (hold on)...
Done 'JavaScript' CodeIntel! Full CodeIntel took 40ms
Doing CodeIntel for 'JavaScript' (hold on)...
Done 'JavaScript' CodeIntel! Full CodeIntel took 7ms
Updating indexes for 'JavaScript'... The first time this can take a while.
Doing CodeIntel for 'JavaScript' (hold on)...
Done 'JavaScript' CodeIntel! Full CodeIntel took 33ms
Updating indexes for 'JavaScript'... The first time this can take a while.
Doing CodeIntel for 'JavaScript' (hold on)...
Done 'JavaScript' CodeIntel! Full CodeIntel took 34ms
Updating indexes for 'JavaScript'... The first time this can take a while.
Updating indexes for 'JavaScript'... The first time this can take a while.
Updating indexes for 'JavaScript'... The first time this can take a while.
Doing CodeIntel for 'JavaScript' (hold on)...
Done 'JavaScript' CodeIntel! Full CodeIntel took 39ms
Updating indexes for 'JavaScript'... The first time this can take a while.
Updating indexes for 'JavaScript'... The first time this can take a while.
Updating indexes for 'JavaScript'... The first time this can take a while.
Doing CodeIntel for 'JavaScript' (hold on)...
Done 'JavaScript' CodeIntel! Full CodeIntel took 36ms
Updating indexes for 'JavaScript'... The first time this can take a while.
Updating indexes for 'JavaScript'... The first time this can take a while.
Doing CodeIntel for 'JavaScript' (hold on)...
Done 'JavaScript' CodeIntel! Full CodeIntel took 38ms
Updating indexes for 'JavaScript'... The first time this can take a while.
Updating indexes for 'JavaScript'... The first time this can take a while.
Doing CodeIntel for 'JavaScript' (hold on)...
Done 'JavaScript' CodeIntel! Full CodeIntel took 38ms
Updating indexes for 'JavaScript'... The first time this can take a while.
Doing CodeIntel for 'JavaScript' (hold on)...
Done 'JavaScript' CodeIntel! Full CodeIntel took 38ms
Updating indexes for 'JavaScript'... The first time this can take a while.
Updating indexes for 'JavaScript'... The first time this can take a while.
Updating indexes for 'JavaScript'... The first time this can take a while.
Doing CodeIntel for 'JavaScript' (hold on)...
Done 'JavaScript' CodeIntel! Full CodeIntel took 35ms
Doing CodeIntel for 'JavaScript' (hold on)...
Done 'JavaScript' CodeIntel! Full CodeIntel took 7ms
Updating indexes for 'JavaScript'... The first time this can take a while.
Doing CodeIntel for 'JavaScript' (hold on)...
Done 'JavaScript' CodeIntel! Full CodeIntel took 39ms
Updating indexes for 'JavaScript'... The first time this can take a while.
Doing CodeIntel for 'JavaScript' (hold on)...
Done 'JavaScript' CodeIntel! Full CodeIntel took 39ms
Updating indexes for 'JavaScript'... The first time this can take a while.
Doing CodeIntel for 'JavaScript' (hold on)...
eval 'ObjStory' at buserlist.vue#181  <Trigger 'javascript-calltip-call-signature' at 6219>
start scope is (<Element 'scope' at 0x000002234E097908>, ['methods'])
find 'ObjStory' starting at (<Element 'scope' at 0x000002234E097908>, ['methods'])
is 'ObjStory' accessible on (<Element 'scope' at 0x000002234E097908>, ['methods'])? no
is 'ObjStory' accessible on (<Element 'scope' at 0x000002234E097908>, [])? no
is 'ObjStory' accessible on (<Element 'scope' at 0x000002234D5A9AC8>, [])? no
is 'ObjStory' accessible on (<Element 'scope' at 0x000002234D5A9AC8>, ['Window'])? no
lookup 'ObjStory' in <JavaScript curdirlib>
lookup 'ObjStory' in <JavaScript cataloglib: jQuery>
lookup 'ObjStory' in <javascript stdlib>
evaluating 'ObjStory' at buserlist.vue#181: could not resolve first part of 'ObjStory'
done eval: eval error
Done 'JavaScript' CodeIntel! Full CodeIntel took 37ms
+ Warning: evaluating 'ObjStory' at buserlist.vue#181: could not resolve first part of 'ObjStory'
Doing CodeIntel for 'JavaScript' (hold on)...
Done 'JavaScript' CodeIntel! Full CodeIntel took 7ms
Updating indexes for 'JavaScript'... The first time this can take a while.
Updating indexes for 'JavaScript'... The first time this can take a while.
Updating indexes for 'JavaScript'... The first time this can take a while.
Doing CodeIntel for 'JavaScript' (hold on)...
Done 'JavaScript' CodeIntel! Full CodeIntel took 37ms
Updating indexes for 'JavaScript'... The first time this can take a while.
Doing CodeIntel for 'JavaScript' (hold on)...
Done 'JavaScript' CodeIntel! Full CodeIntel took 42ms
Updating indexes for 'JavaScript'... The first time this can take a while.
Doing CodeIntel for 'JavaScript' (hold on)...
Done 'JavaScript' CodeIntel! Full CodeIntel took 39ms
Doing CodeIntel for 'JavaScript' (hold on)...
Done 'JavaScript' CodeIntel! Full CodeIntel took 7ms
Doing CodeIntel for 'JavaScript' (hold on)...
Done 'JavaScript' CodeIntel! Full CodeIntel took 7ms
Doing CodeIntel for 'JavaScript' (hold on)...
Done 'JavaScript' CodeIntel! Full CodeIntel took 6ms
Updating indexes for 'JavaScript'... The first time this can take a while.
Doing CodeIntel for 'JavaScript' (hold on)...
Done 'JavaScript' CodeIntel! Full CodeIntel took 40ms
Doing CodeIntel for 'JavaScript' (hold on)...
Done 'JavaScript' CodeIntel! Full CodeIntel took 6ms
Doing CodeIntel for 'JavaScript' (hold on)...
eval 'nul' at buserlist.vue#136  <Trigger 'javascript-complete-names' at 5012>
start scope is (<Element 'scope' at 0x000002234D525048>, [])
_completion_names_from_scope:: 'nul', scoperef: (<Element 'scope' at 0x000002234D525048>, [])
_completion_names_from_scope:: checking scoperef: (<Element 'scope' at 0x000002234D525048>, [])
_completion_names_from_scope:: checking scoperef: (<Element 'scope' at 0x000002234D5A9AC8>, [])
_completion_names_from_scope:: checking scoperef: (<Element 'scope' at 0x000002234D5A9AC8>, ['Window'])
_completion_names_from_scope:: include everything from lib: <JavaScript curdirlib>
_completion_names_from_scope:: include everything from lib: <JavaScript cataloglib: jQuery>
_completion_names_from_scope:: include everything from lib: <javascript stdlib>
    cplns: [('keyword', 'null')]
done eval: success
Done 'JavaScript' CodeIntel! Full CodeIntel took 9ms
Autocomplete called (JavaScript) [cplns]
Doing CodeIntel for 'JavaScript' (hold on)...
Done 'JavaScript' CodeIntel! Full CodeIntel took 7ms
Doing CodeIntel for 'JavaScript' (hold on)...
Done 'JavaScript' CodeIntel! Full CodeIntel took 35ms
Doing CodeIntel for 'JavaScript' (hold on)...
Done 'JavaScript' CodeIntel! Full CodeIntel took 7ms
Doing CodeIntel for 'JavaScript' (hold on)...
eval 'con' at buserlist.vue#187  <Trigger 'javascript-complete-names' at 6411>
start scope is (<Element 'scope' at 0x000002234D525048>, ['methods'])
_completion_names_from_scope:: 'con', scoperef: (<Element 'scope' at 0x000002234D525048>, ['methods'])
_completion_names_from_scope:: checking scoperef: (<Element 'scope' at 0x000002234D525048>, ['methods'])
_completion_names_from_scope:: checking scoperef: (<Element 'scope' at 0x000002234D525048>, [])
_completion_names_from_scope:: checking scoperef: (<Element 'scope' at 0x000002234D5A9AC8>, [])
_completion_names_from_scope:: checking scoperef: (<Element 'scope' at 0x000002234D5A9AC8>, ['Window'])
_completion_names_from_scope:: include everything from lib: <JavaScript curdirlib>
_completion_names_from_scope:: include everything from lib: <JavaScript cataloglib: jQuery>
_completion_names_from_scope:: include everything from lib: <javascript stdlib>
    cplns: [('function', 'confirm'), ('keyword', 'const'), ('variable', 'content'), ('keyword', 'continue'), ('variable', 'controllers')]
done eval: success
Done 'JavaScript' CodeIntel! Full CodeIntel took 11ms
Autocomplete called (JavaScript) [cplns]
Doing CodeIntel for 'JavaScript' (hold on)...
Done 'JavaScript' CodeIntel! Full CodeIntel took 7ms
Doing CodeIntel for 'JavaScript' (hold on)...
Done 'JavaScript' CodeIntel! Full CodeIntel took 6ms
Doing CodeIntel for 'JavaScript' (hold on)...
Done 'JavaScript' CodeIntel! Full CodeIntel took 7ms
Doing CodeIntel for 'JavaScript' (hold on)...
Done 'JavaScript' CodeIntel! Full CodeIntel took 7ms
Doing CodeIntel for 'JavaScript' (hold on)...
eval 'console' at buserlist.vue#187  <Trigger 'javascript-complete-object-members' at 6419>
start scope is (<Element 'scope' at 0x000002234D525048>, ['methods'])
find 'console' starting at (<Element 'scope' at 0x000002234D525048>, ['methods'])
is 'console' accessible on (<Element 'scope' at 0x000002234D525048>, ['methods'])? no
is 'console' accessible on (<Element 'scope' at 0x000002234D525048>, [])? no
is 'console' accessible on (<Element 'scope' at 0x000002234D5A9AC8>, [])? no
is 'console' accessible on (<Element 'scope' at 0x000002234D5A9AC8>, ['Window'])? no
lookup 'console' in <JavaScript curdirlib>
lookup 'console' in <JavaScript cataloglib: jQuery>
lookup 'console' in <javascript stdlib>
evaluating 'console' at buserlist.vue#187: could not resolve first part of 'console'
done eval: eval error
Done 'JavaScript' CodeIntel! Full CodeIntel took 10ms
+ Warning: evaluating 'console' at buserlist.vue#187: could not resolve first part of 'console'
Doing CodeIntel for 'JavaScript' (hold on)...
Done 'JavaScript' CodeIntel! Full CodeIntel took 7ms
Doing CodeIntel for 'JavaScript' (hold on)...
Done 'JavaScript' CodeIntel! Full CodeIntel took 8ms
Doing CodeIntel for 'JavaScript' (hold on)...
Done 'JavaScript' CodeIntel! Full CodeIntel took 7ms
Doing CodeIntel for 'JavaScript' (hold on)...
Done 'JavaScript' CodeIntel! Full CodeIntel took 10ms
Updating indexes for 'JavaScript'... The first time this can take a while.
Doing CodeIntel for 'JavaScript' (hold on)...
eval 'console.log' at buserlist.vue#187  <Trigger 'javascript-calltip-call-signature' at 6423>
start scope is (<Element 'scope' at 0x000002234E097CF8>, ['methods'])
find 'console' starting at (<Element 'scope' at 0x000002234E097CF8>, ['methods'])
is 'console' accessible on (<Element 'scope' at 0x000002234E097CF8>, ['methods'])? no
is 'console' accessible on (<Element 'scope' at 0x000002234E097CF8>, [])? no
is 'console' accessible on (<Element 'scope' at 0x000002234D5A9AC8>, [])? no
is 'console' accessible on (<Element 'scope' at 0x000002234D5A9AC8>, ['Window'])? no
lookup 'console.log' in <JavaScript curdirlib>
lookup 'console.log' in <JavaScript cataloglib: jQuery>
lookup 'console.log' in <javascript stdlib>
lookup 'console' in <JavaScript curdirlib>
lookup 'console' in <JavaScript cataloglib: jQuery>
lookup 'console' in <javascript stdlib>
evaluating 'console.log' at buserlist.vue#187: could not resolve first part of 'console.log'
done eval: eval error
Done 'JavaScript' CodeIntel! Full CodeIntel took 52ms
+ Warning: evaluating 'console.log' at buserlist.vue#187: could not resolve first part of 'console.log'
Doing CodeIntel for 'JavaScript' (hold on)...
Done 'JavaScript' CodeIntel! Full CodeIntel took 7ms
Doing CodeIntel for 'JavaScript' (hold on)...
Done 'JavaScript' CodeIntel! Full CodeIntel took 6ms
Doing CodeIntel for 'JavaScript' (hold on)...
Done 'JavaScript' CodeIntel! Full CodeIntel took 7ms
Updating indexes for 'JavaScript'... The first time this can take a while.
Doing CodeIntel for 'JavaScript' (hold on)...
Done 'JavaScript' CodeIntel! Full CodeIntel took 37ms
Doing CodeIntel for 'JavaScript' (hold on)...
Done 'JavaScript' CodeIntel! Full CodeIntel took 7ms
Doing CodeIntel for 'JavaScript' (hold on)...
eval 'thi' at buserlist.vue#181  <Trigger 'javascript-complete-names' at 6201>
start scope is (<Element 'scope' at 0x000002234D525048>, ['methods'])
_completion_names_from_scope:: 'thi', scoperef: (<Element 'scope' at 0x000002234D525048>, ['methods'])
_completion_names_from_scope:: checking scoperef: (<Element 'scope' at 0x000002234D525048>, ['methods'])
_completion_names_from_scope:: checking scoperef: (<Element 'scope' at 0x000002234D525048>, [])
_completion_names_from_scope:: checking scoperef: (<Element 'scope' at 0x000002234D5A9AC8>, [])
_completion_names_from_scope:: checking scoperef: (<Element 'scope' at 0x000002234D5A9AC8>, ['Window'])
_completion_names_from_scope:: include everything from lib: <JavaScript curdirlib>
_completion_names_from_scope:: include everything from lib: <JavaScript cataloglib: jQuery>
_completion_names_from_scope:: include everything from lib: <javascript stdlib>
    cplns: [('keyword', 'this')]
done eval: success
Done 'JavaScript' CodeIntel! Full CodeIntel took 11ms
Autocomplete called (JavaScript) [cplns]
Doing CodeIntel for 'JavaScript' (hold on)...
Done 'JavaScript' CodeIntel! Full CodeIntel took 6ms
Doing CodeIntel for 'JavaScript' (hold on)...
eval 'this' at buserlist.vue#181  <Trigger 'javascript-complete-object-members' at 6206>
start scope is (<Element 'scope' at 0x000002234D525048>, ['methods'])
find 'this' starting at (<Element 'scope' at 0x000002234D525048>, ['methods'])
is 'this' accessible on (<Element 'scope' at 0x000002234D525048>, ['methods'])? no
is 'this' accessible on (<Element 'scope' at 0x000002234D525048>, [])? no
is 'this' accessible on (<Element 'scope' at 0x000002234D5A9AC8>, [])? no
is 'this' accessible on (<Element 'scope' at 0x000002234D5A9AC8>, ['Window'])? no
lookup 'this' in <JavaScript curdirlib>
lookup 'this' in <JavaScript cataloglib: jQuery>
lookup 'this' in <javascript stdlib>
evaluating 'this' at buserlist.vue#181: could not resolve first part of 'this'
done eval: eval error
Done 'JavaScript' CodeIntel! Full CodeIntel took 12ms
+ Warning: evaluating 'this' at buserlist.vue#181: could not resolve first part of 'this'
Doing CodeIntel for 'JavaScript' (hold on)...
Done 'JavaScript' CodeIntel! Full CodeIntel took 7ms
Doing CodeIntel for 'JavaScript' (hold on)...
Done 'JavaScript' CodeIntel! Full CodeIntel took 7ms
Doing CodeIntel for 'JavaScript' (hold on)...
eval 'thi' at buserlist.vue#187  <Trigger 'javascript-complete-names' at 6428>
start scope is (<Element 'scope' at 0x000002234D525048>, ['methods'])
_completion_names_from_scope:: 'thi', scoperef: (<Element 'scope' at 0x000002234D525048>, ['methods'])
_completion_names_from_scope:: checking scoperef: (<Element 'scope' at 0x000002234D525048>, ['methods'])
_completion_names_from_scope:: checking scoperef: (<Element 'scope' at 0x000002234D525048>, [])
_completion_names_from_scope:: checking scoperef: (<Element 'scope' at 0x000002234D5A9AC8>, [])
_completion_names_from_scope:: checking scoperef: (<Element 'scope' at 0x000002234D5A9AC8>, ['Window'])
_completion_names_from_scope:: include everything from lib: <JavaScript curdirlib>
_completion_names_from_scope:: include everything from lib: <JavaScript cataloglib: jQuery>
_completion_names_from_scope:: include everything from lib: <javascript stdlib>
    cplns: [('keyword', 'this')]
done eval: success
Done 'JavaScript' CodeIntel! Full CodeIntel took 10ms
Autocomplete called (JavaScript) [cplns]
Doing CodeIntel for 'JavaScript' (hold on)...
Done 'JavaScript' CodeIntel! Full CodeIntel took 8ms
Doing CodeIntel for 'JavaScript' (hold on)...
eval 'this' at buserlist.vue#187  <Trigger 'javascript-complete-object-members' at 6433>
start scope is (<Element 'scope' at 0x000002234D525048>, ['methods'])
find 'this' starting at (<Element 'scope' at 0x000002234D525048>, ['methods'])
is 'this' accessible on (<Element 'scope' at 0x000002234D525048>, ['methods'])? no
is 'this' accessible on (<Element 'scope' at 0x000002234D525048>, [])? no
is 'this' accessible on (<Element 'scope' at 0x000002234D5A9AC8>, [])? no
is 'this' accessible on (<Element 'scope' at 0x000002234D5A9AC8>, ['Window'])? no
lookup 'this' in <JavaScript curdirlib>
lookup 'this' in <JavaScript cataloglib: jQuery>
lookup 'this' in <javascript stdlib>
evaluating 'this' at buserlist.vue#187: could not resolve first part of 'this'
done eval: eval error
Done 'JavaScript' CodeIntel! Full CodeIntel took 10ms
+ Warning: evaluating 'this' at buserlist.vue#187: could not resolve first part of 'this'
Updating indexes for 'JavaScript'... The first time this can take a while.
Doing CodeIntel for 'JavaScript' (hold on)...
Done 'JavaScript' CodeIntel! Full CodeIntel took 39ms
Doing CodeIntel for 'JavaScript' (hold on)...
Done 'JavaScript' CodeIntel! Full CodeIntel took 7ms
Doing CodeIntel for 'JavaScript' (hold on)...
eval 'thi' at buserlist.vue#176  <Trigger 'javascript-complete-names' at 6020>
start scope is (<Element 'scope' at 0x000002234D525048>, ['methods'])
_completion_names_from_scope:: 'thi', scoperef: (<Element 'scope' at 0x000002234D525048>, ['methods'])
_completion_names_from_scope:: checking scoperef: (<Element 'scope' at 0x000002234D525048>, ['methods'])
_completion_names_from_scope:: checking scoperef: (<Element 'scope' at 0x000002234D525048>, [])
_completion_names_from_scope:: checking scoperef: (<Element 'scope' at 0x000002234D5A9AC8>, [])
_completion_names_from_scope:: checking scoperef: (<Element 'scope' at 0x000002234D5A9AC8>, ['Window'])
_completion_names_from_scope:: include everything from lib: <JavaScript curdirlib>
_completion_names_from_scope:: include everything from lib: <JavaScript cataloglib: jQuery>
_completion_names_from_scope:: include everything from lib: <javascript stdlib>
    cplns: [('keyword', 'this')]
done eval: success
Done 'JavaScript' CodeIntel! Full CodeIntel took 13ms
Autocomplete called (JavaScript) [cplns]
Doing CodeIntel for 'JavaScript' (hold on)...
Done 'JavaScript' CodeIntel! Full CodeIntel took 9ms
Doing CodeIntel for 'JavaScript' (hold on)...
eval 'this' at buserlist.vue#176  <Trigger 'javascript-complete-object-members' at 6025>
start scope is (<Element 'scope' at 0x000002234D525048>, ['methods'])
find 'this' starting at (<Element 'scope' at 0x000002234D525048>, ['methods'])
is 'this' accessible on (<Element 'scope' at 0x000002234D525048>, ['methods'])? no
is 'this' accessible on (<Element 'scope' at 0x000002234D525048>, [])? no
is 'this' accessible on (<Element 'scope' at 0x000002234D5A9AC8>, [])? no
is 'this' accessible on (<Element 'scope' at 0x000002234D5A9AC8>, ['Window'])? no
lookup 'this' in <JavaScript curdirlib>
lookup 'this' in <JavaScript cataloglib: jQuery>
lookup 'this' in <javascript stdlib>
evaluating 'this' at buserlist.vue#176: could not resolve first part of 'this'
done eval: eval error
Done 'JavaScript' CodeIntel! Full CodeIntel took 11ms
+ Warning: evaluating 'this' at buserlist.vue#176: could not resolve first part of 'this'
Updating indexes for 'JavaScript'... The first time this can take a while.
Doing CodeIntel for 'JavaScript' (hold on)...
Done 'JavaScript' CodeIntel! Full CodeIntel took 38ms
Updating indexes for 'JavaScript'... The first time this can take a while.
Doing CodeIntel for 'JavaScript' (hold on)...
Done 'JavaScript' CodeIntel! Full CodeIntel took 35ms
Doing CodeIntel for 'JavaScript' (hold on)...
Done 'JavaScript' CodeIntel! Full CodeIntel took 6ms
Doing CodeIntel for 'JavaScript' (hold on)...
eval 'thi' at buserlist.vue#190  <Trigger 'javascript-complete-names' at 6571>
start scope is (<Element 'scope' at 0x000002234D525048>, ['methods'])
_completion_names_from_scope:: 'thi', scoperef: (<Element 'scope' at 0x000002234D525048>, ['methods'])
_completion_names_from_scope:: checking scoperef: (<Element 'scope' at 0x000002234D525048>, ['methods'])
_completion_names_from_scope:: checking scoperef: (<Element 'scope' at 0x000002234D525048>, [])
_completion_names_from_scope:: checking scoperef: (<Element 'scope' at 0x000002234D5A9AC8>, [])
_completion_names_from_scope:: checking scoperef: (<Element 'scope' at 0x000002234D5A9AC8>, ['Window'])
_completion_names_from_scope:: include everything from lib: <JavaScript curdirlib>
_completion_names_from_scope:: include everything from lib: <JavaScript cataloglib: jQuery>
_completion_names_from_scope:: include everything from lib: <javascript stdlib>
    cplns: [('keyword', 'this')]
done eval: success
Done 'JavaScript' CodeIntel! Full CodeIntel took 12ms
Autocomplete called (JavaScript) [cplns]
Doing CodeIntel for 'JavaScript' (hold on)...
Done 'JavaScript' CodeIntel! Full CodeIntel took 7ms
Doing CodeIntel for 'JavaScript' (hold on)...
eval 'this' at buserlist.vue#190  <Trigger 'javascript-complete-object-members' at 6576>
start scope is (<Element 'scope' at 0x000002234D525048>, ['methods'])
find 'this' starting at (<Element 'scope' at 0x000002234D525048>, ['methods'])
is 'this' accessible on (<Element 'scope' at 0x000002234D525048>, ['methods'])? no
is 'this' accessible on (<Element 'scope' at 0x000002234D525048>, [])? no
is 'this' accessible on (<Element 'scope' at 0x000002234D5A9AC8>, [])? no
is 'this' accessible on (<Element 'scope' at 0x000002234D5A9AC8>, ['Window'])? no
lookup 'this' in <JavaScript curdirlib>
lookup 'this' in <JavaScript cataloglib: jQuery>
lookup 'this' in <javascript stdlib>
evaluating 'this' at buserlist.vue#190: could not resolve first part of 'this'
done eval: eval error
Done 'JavaScript' CodeIntel! Full CodeIntel took 12ms
+ Warning: evaluating 'this' at buserlist.vue#190: could not resolve first part of 'this'
Updating indexes for 'JavaScript'... The first time this can take a while.
Updating indexes for 'JavaScript'... The first time this can take a while.
Doing CodeIntel for 'JavaScript' (hold on)...
Done 'JavaScript' CodeIntel! Full CodeIntel took 39ms
Doing CodeIntel for 'JavaScript' (hold on)...
Done 'JavaScript' CodeIntel! Full CodeIntel took 7ms
Doing CodeIntel for 'JavaScript' (hold on)...
eval 'con' at buserlist.vue#199  <Trigger 'javascript-complete-names' at 6828>
start scope is (<Element 'scope' at 0x000002234D525048>, ['methods'])
_completion_names_from_scope:: 'con', scoperef: (<Element 'scope' at 0x000002234D525048>, ['methods'])
_completion_names_from_scope:: checking scoperef: (<Element 'scope' at 0x000002234D525048>, ['methods'])
_completion_names_from_scope:: checking scoperef: (<Element 'scope' at 0x000002234D525048>, [])
_completion_names_from_scope:: checking scoperef: (<Element 'scope' at 0x000002234D5A9AC8>, [])
_completion_names_from_scope:: checking scoperef: (<Element 'scope' at 0x000002234D5A9AC8>, ['Window'])
_completion_names_from_scope:: include everything from lib: <JavaScript curdirlib>
_completion_names_from_scope:: include everything from lib: <JavaScript cataloglib: jQuery>
_completion_names_from_scope:: include everything from lib: <javascript stdlib>
    cplns: [('function', 'confirm'), ('keyword', 'const'), ('variable', 'content'), ('keyword', 'continue'), ('variable', 'controllers')]
done eval: success
Done 'JavaScript' CodeIntel! Full CodeIntel took 12ms
Autocomplete called (JavaScript) [cplns]
Doing CodeIntel for 'JavaScript' (hold on)...
Done 'JavaScript' CodeIntel! Full CodeIntel took 7ms
Doing CodeIntel for 'JavaScript' (hold on)...
Done 'JavaScript' CodeIntel! Full CodeIntel took 8ms
Doing CodeIntel for 'JavaScript' (hold on)...
Done 'JavaScript' CodeIntel! Full CodeIntel took 6ms
Doing CodeIntel for 'JavaScript' (hold on)...
Done 'JavaScript' CodeIntel! Full CodeIntel took 7ms
Updating indexes for 'JavaScript'... The first time this can take a while.
Doing CodeIntel for 'JavaScript' (hold on)...
eval 'console' at buserlist.vue#199  <Trigger 'javascript-complete-object-members' at 6836>
start scope is (<Element 'scope' at 0x000002234DC983C8>, ['methods'])
find 'console' starting at (<Element 'scope' at 0x000002234DC983C8>, ['methods'])
is 'console' accessible on (<Element 'scope' at 0x000002234DC983C8>, ['methods'])? no
is 'console' accessible on (<Element 'scope' at 0x000002234DC983C8>, [])? no
is 'console' accessible on (<Element 'scope' at 0x000002234D5A9AC8>, [])? no
is 'console' accessible on (<Element 'scope' at 0x000002234D5A9AC8>, ['Window'])? no
lookup 'console' in <JavaScript curdirlib>
lookup 'console' in <JavaScript cataloglib: jQuery>
lookup 'console' in <javascript stdlib>
evaluating 'console' at buserlist.vue#199: could not resolve first part of 'console'
done eval: eval error
Done 'JavaScript' CodeIntel! Full CodeIntel took 37ms
+ Warning: evaluating 'console' at buserlist.vue#199: could not resolve first part of 'console'
Doing CodeIntel for 'JavaScript' (hold on)...
Done 'JavaScript' CodeIntel! Full CodeIntel took 6ms
Doing CodeIntel for 'JavaScript' (hold on)...
Done 'JavaScript' CodeIntel! Full CodeIntel took 7ms
Doing CodeIntel for 'JavaScript' (hold on)...
Done 'JavaScript' CodeIntel! Full CodeIntel took 7ms
Doing CodeIntel for 'JavaScript' (hold on)...
Done 'JavaScript' CodeIntel! Full CodeIntel took 7ms
Doing CodeIntel for 'JavaScript' (hold on)...
Done 'JavaScript' CodeIntel! Full CodeIntel took 7ms
Doing CodeIntel for 'JavaScript' (hold on)...
Done 'JavaScript' CodeIntel! Full CodeIntel took 7ms
Doing CodeIntel for 'JavaScript' (hold on)...
eval 'console.log' at buserlist.vue#199  <Trigger 'javascript-calltip-call-signature' at 6840>
start scope is (<Element 'scope' at 0x000002234D525048>, ['methods'])
find 'console' starting at (<Element 'scope' at 0x000002234D525048>, ['methods'])
is 'console' accessible on (<Element 'scope' at 0x000002234D525048>, ['methods'])? no
is 'console' accessible on (<Element 'scope' at 0x000002234D525048>, [])? no
is 'console' accessible on (<Element 'scope' at 0x000002234D5A9AC8>, [])? no
is 'console' accessible on (<Element 'scope' at 0x000002234D5A9AC8>, ['Window'])? no
lookup 'console.log' in <JavaScript curdirlib>
lookup 'console.log' in <JavaScript cataloglib: jQuery>
lookup 'console.log' in <javascript stdlib>
lookup 'console' in <JavaScript curdirlib>
lookup 'console' in <JavaScript cataloglib: jQuery>
lookup 'console' in <javascript stdlib>
evaluating 'console.log' at buserlist.vue#199: could not resolve first part of 'console.log'
done eval: eval error
Done 'JavaScript' CodeIntel! Full CodeIntel took 11ms
+ Warning: evaluating 'console.log' at buserlist.vue#199: could not resolve first part of 'console.log'
Doing CodeIntel for 'JavaScript' (hold on)...
Done 'JavaScript' CodeIntel! Full CodeIntel took 8ms
Doing CodeIntel for 'JavaScript' (hold on)...
Done 'JavaScript' CodeIntel! Full CodeIntel took 6ms
Doing CodeIntel for 'JavaScript' (hold on)...
Done 'JavaScript' CodeIntel! Full CodeIntel took 7ms
Doing CodeIntel for 'JavaScript' (hold on)...
Done 'JavaScript' CodeIntel! Full CodeIntel took 8ms
Doing CodeIntel for 'JavaScript' (hold on)...
eval 'thi' at buserlist.vue#199  <Trigger 'javascript-complete-names' at 6840>
start scope is (<Element 'scope' at 0x000002234D525048>, ['methods'])
_completion_names_from_scope:: 'thi', scoperef: (<Element 'scope' at 0x000002234D525048>, ['methods'])
_completion_names_from_scope:: checking scoperef: (<Element 'scope' at 0x000002234D525048>, ['methods'])
_completion_names_from_scope:: checking scoperef: (<Element 'scope' at 0x000002234D525048>, [])
_completion_names_from_scope:: checking scoperef: (<Element 'scope' at 0x000002234D5A9AC8>, [])
_completion_names_from_scope:: checking scoperef: (<Element 'scope' at 0x000002234D5A9AC8>, ['Window'])
_completion_names_from_scope:: include everything from lib: <JavaScript curdirlib>
_completion_names_from_scope:: include everything from lib: <JavaScript cataloglib: jQuery>
_completion_names_from_scope:: include everything from lib: <javascript stdlib>
    cplns: [('keyword', 'this')]
done eval: success
Done 'JavaScript' CodeIntel! Full CodeIntel took 13ms
Autocomplete called (JavaScript) [cplns]
Doing CodeIntel for 'JavaScript' (hold on)...
Done 'JavaScript' CodeIntel! Full CodeIntel took 9ms
Doing CodeIntel for 'JavaScript' (hold on)...
eval 'this' at buserlist.vue#199  <Trigger 'javascript-complete-object-members' at 6845>
start scope is (<Element 'scope' at 0x000002234D525048>, ['methods'])
find 'this' starting at (<Element 'scope' at 0x000002234D525048>, ['methods'])
is 'this' accessible on (<Element 'scope' at 0x000002234D525048>, ['methods'])? no
is 'this' accessible on (<Element 'scope' at 0x000002234D525048>, [])? no
is 'this' accessible on (<Element 'scope' at 0x000002234D5A9AC8>, [])? no
is 'this' accessible on (<Element 'scope' at 0x000002234D5A9AC8>, ['Window'])? no
lookup 'this' in <JavaScript curdirlib>
lookup 'this' in <JavaScript cataloglib: jQuery>
lookup 'this' in <javascript stdlib>
evaluating 'this' at buserlist.vue#199: could not resolve first part of 'this'
done eval: eval error
Done 'JavaScript' CodeIntel! Full CodeIntel took 12ms
+ Warning: evaluating 'this' at buserlist.vue#199: could not resolve first part of 'this'
Doing CodeIntel for 'JavaScript' (hold on)...
Done 'JavaScript' CodeIntel! Full CodeIntel took 7ms
Doing CodeIntel for 'JavaScript' (hold on)...
Done 'JavaScript' CodeIntel! Full CodeIntel took 7ms
Doing CodeIntel for 'JavaScript' (hold on)...
Done 'JavaScript' CodeIntel! Full CodeIntel took 7ms
